mode: set
github.com/blindmaster24/MgkeTimetableBot/internal/image/renderer.go:22.2,24.1 2 1
github.com/blindmaster24/MgkeTimetableBot/internal/image/renderer.go:38.2,42.1 1 1
github.com/blindmaster24/MgkeTimetableBot/internal/image/renderer.go:46.2,50.1 1 1
github.com/blindmaster24/MgkeTimetableBot/internal/image/renderer.go:54.2,55.28 2 1
github.com/blindmaster24/MgkeTimetableBot/internal/image/renderer.go:56.3,58.17 3 1
github.com/blindmaster24/MgkeTimetableBot/internal/image/renderer.go:59.4,60.1 1 0
github.com/blindmaster24/MgkeTimetableBot/internal/image/renderer.go:61.3,61.54 1 1
github.com/blindmaster24/MgkeTimetableBot/internal/image/renderer.go:63.2,63.13 1 1
github.com/blindmaster24/MgkeTimetableBot/internal/image/renderer.go:67.2,68.28 2 1
github.com/blindmaster24/MgkeTimetableBot/internal/image/renderer.go:69.3,71.17 3 1
github.com/blindmaster24/MgkeTimetableBot/internal/image/renderer.go:72.4,73.1 1 0
github.com/blindmaster24/MgkeTimetableBot/internal/image/renderer.go:74.3,74.54 1 1
github.com/blindmaster24/MgkeTimetableBot/internal/image/renderer.go:76.2,76.13 1 1
github.com/blindmaster24/MgkeTimetableBot/internal/image/renderer.go:80.2,80.14 1 1
github.com/blindmaster24/MgkeTimetableBot/internal/image/renderer.go:81.3,82.1 1 1
github.com/blindmaster24/MgkeTimetableBot/internal/image/renderer.go:83.2,83.38 1 1
github.com/blindmaster24/MgkeTimetableBot/internal/image/renderer.go:84.3,85.1 1 1
github.com/blindmaster24/MgkeTimetableBot/internal/image/renderer.go:86.2,86.41 1 1
github.com/blindmaster24/MgkeTimetableBot/internal/image/renderer.go:87.3,88.25 2 1
github.com/blindmaster24/MgkeTimetableBot/internal/image/renderer.go:89.4,90.1 1 1
github.com/blindmaster24/MgkeTimetableBot/internal/image/renderer.go:91.3,91.36 1 1
github.com/blindmaster24/MgkeTimetableBot/internal/image/renderer.go:93.2,93.12 1 0
github.com/blindmaster24/MgkeTimetableBot/internal/image/renderer.go:97.2,97.14 1 1
github.com/blindmaster24/MgkeTimetableBot/internal/image/renderer.go:98.3,99.1 1 0
github.com/blindmaster24/MgkeTimetableBot/internal/image/renderer.go:100.2,101.42 2 1
github.com/blindmaster24/MgkeTimetableBot/internal/image/renderer.go:102.3,103.1 1 1
github.com/blindmaster24/MgkeTimetableBot/internal/image/renderer.go:104.2,105.36 2 1
github.com/blindmaster24/MgkeTimetableBot/internal/image/renderer.go:106.3,107.1 1 1
github.com/blindmaster24/MgkeTimetableBot/internal/image/renderer.go:108.2,108.42 1 1
github.com/blindmaster24/MgkeTimetableBot/internal/image/renderer.go:109.3,110.1 1 1
github.com/blindmaster24/MgkeTimetableBot/internal/image/renderer.go:111.2,111.42 1 1
github.com/blindmaster24/MgkeTimetableBot/internal/image/renderer.go:112.3,113.1 1 1
github.com/blindmaster24/MgkeTimetableBot/internal/image/renderer.go:114.2,114.42 1 1
github.com/blindmaster24/MgkeTimetableBot/internal/image/renderer.go:115.3,116.1 1 1
github.com/blindmaster24/MgkeTimetableBot/internal/image/renderer.go:117.2,117.33 1 1
github.com/blindmaster24/MgkeTimetableBot/internal/image/renderer.go:121.2,121.14 1 1
github.com/blindmaster24/MgkeTimetableBot/internal/image/renderer.go:122.3,123.1 1 1
github.com/blindmaster24/MgkeTimetableBot/internal/image/renderer.go:124.2,125.42 2 1
github.com/blindmaster24/MgkeTimetableBot/internal/image/renderer.go:126.3,127.1 1 0
github.com/blindmaster24/MgkeTimetableBot/internal/image/renderer.go:128.2,129.36 2 1
github.com/blindmaster24/MgkeTimetableBot/internal/image/renderer.go:130.3,131.1 1 1
github.com/blindmaster24/MgkeTimetableBot/internal/image/renderer.go:132.2,132.42 1 1
github.com/blindmaster24/MgkeTimetableBot/internal/image/renderer.go:133.3,134.1 1 0
github.com/blindmaster24/MgkeTimetableBot/internal/image/renderer.go:135.2,135.42 1 1
github.com/blindmaster24/MgkeTimetableBot/internal/image/renderer.go:136.3,137.1 1 0
github.com/blindmaster24/MgkeTimetableBot/internal/image/renderer.go:138.2,138.33 1 1
github.com/blindmaster24/MgkeTimetableBot/internal/image/renderer.go:142.2,142.22 1 1
github.com/blindmaster24/MgkeTimetableBot/internal/image/renderer.go:143.3,144.1 1 1
github.com/blindmaster24/MgkeTimetableBot/internal/image/renderer.go:146.2,152.1 4 0
github.com/blindmaster24/MgkeTimetableBot/internal/image/renderer.go:153.2,155.27 4 0
github.com/blindmaster24/MgkeTimetableBot/internal/image/renderer.go:156.3,156.31 1 0
github.com/blindmaster24/MgkeTimetableBot/internal/image/renderer.go:157.4,158.1 1 0
github.com/blindmaster24/MgkeTimetableBot/internal/image/renderer.go:160.2,161.1 7 0
github.com/blindmaster24/MgkeTimetableBot/internal/image/renderer.go:162.2,165.1 7 0
github.com/blindmaster24/MgkeTimetableBot/internal/image/renderer.go:166.2,170.1 7 0
github.com/blindmaster24/MgkeTimetableBot/internal/image/renderer.go:171.2,172.30 7 0
github.com/blindmaster24/MgkeTimetableBot/internal/image/renderer.go:173.3,173.48 1 0
github.com/blindmaster24/MgkeTimetableBot/internal/image/renderer.go:174.4,175.9 2 0
github.com/blindmaster24/MgkeTimetableBot/internal/image/renderer.go:178.2,178.13 1 0
github.com/blindmaster24/MgkeTimetableBot/internal/image/renderer.go:179.3,180.1 1 0
github.com/blindmaster24/MgkeTimetableBot/internal/image/renderer.go:182.2,184.1 4 0
github.com/blindmaster24/MgkeTimetableBot/internal/image/renderer.go:185.2,186.27 4 0
github.com/blindmaster24/MgkeTimetableBot/internal/image/renderer.go:187.3,188.1 9 0
github.com/blindmaster24/MgkeTimetableBot/internal/image/renderer.go:189.3,192.1 9 0
github.com/blindmaster24/MgkeTimetableBot/internal/image/renderer.go:193.3,196.1 9 0
github.com/blindmaster24/MgkeTimetableBot/internal/image/renderer.go:197.3,198.33 9 0
github.com/blindmaster24/MgkeTimetableBot/internal/image/renderer.go:199.4,203.1 4 0
github.com/blindmaster24/MgkeTimetableBot/internal/image/renderer.go:206.2,207.1 3 0
github.com/blindmaster24/MgkeTimetableBot/internal/image/renderer.go:208.2,209.33 3 0
github.com/blindmaster24/MgkeTimetableBot/internal/image/renderer.go:213.2,214.16 2 0
github.com/blindmaster24/MgkeTimetableBot/internal/image/renderer.go:215.3,216.1 1 0
github.com/blindmaster24/MgkeTimetableBot/internal/image/renderer.go:217.2,218.1 2 0
github.com/blindmaster24/MgkeTimetableBot/internal/image/renderer.go:219.2,219.43 2 0
github.com/blindmaster24/MgkeTimetableBot/internal/image/renderer.go:220.3,221.1 1 0
github.com/blindmaster24/MgkeTimetableBot/internal/image/renderer.go:222.2,222.18 1 0
github.com/blindmaster24/MgkeTimetableBot/internal/image/renderer.go:226.2,227.16 2 1
github.com/blindmaster24/MgkeTimetableBot/internal/image/renderer.go:228.3,229.1 1 1
github.com/blindmaster24/MgkeTimetableBot/internal/image/renderer.go:230.2,231.27 2 1
github.com/blindmaster24/MgkeTimetableBot/internal/calendar/ics.go:24.2,25.1 1 1
github.com/blindmaster24/MgkeTimetableBot/internal/calendar/ics.go:28.2,29.16 2 1
github.com/blindmaster24/MgkeTimetableBot/internal/calendar/ics.go:30.3,31.1 1 1
github.com/blindmaster24/MgkeTimetableBot/internal/calendar/ics.go:33.2,33.32 1 1
github.com/blindmaster24/MgkeTimetableBot/internal/calendar/ics.go:34.3,35.32 2 1
github.com/blindmaster24/MgkeTimetableBot/internal/calendar/ics.go:36.4,36.12 1 1
github.com/blindmaster24/MgkeTimetableBot/internal/calendar/ics.go:38.3,40.1 3 1
github.com/blindmaster24/MgkeTimetableBot/internal/calendar/ics.go:41.3,47.5 3 1
github.com/blindmaster24/MgkeTimetableBot/internal/calendar/ics.go:52.2,53.16 2 1
github.com/blindmaster24/MgkeTimetableBot/internal/calendar/ics.go:54.3,55.1 1 0
github.com/blindmaster24/MgkeTimetableBot/internal/calendar/ics.go:57.2,57.32 1 1
github.com/blindmaster24/MgkeTimetableBot/internal/calendar/ics.go:58.3,59.32 2 1
github.com/blindmaster24/MgkeTimetableBot/internal/calendar/ics.go:60.4,60.12 1 0
github.com/blindmaster24/MgkeTimetableBot/internal/calendar/ics.go:62.3,64.1 3 1
github.com/blindmaster24/MgkeTimetableBot/internal/calendar/ics.go:65.3,71.5 3 1
github.com/blindmaster24/MgkeTimetableBot/internal/calendar/ics.go:76.2,81.1 6 1
github.com/blindmaster24/MgkeTimetableBot/internal/calendar/ics.go:82.2,82.29 6 1
github.com/blindmaster24/MgkeTimetableBot/internal/calendar/ics.go:83.3,90.1 7 1
github.com/blindmaster24/MgkeTimetableBot/internal/calendar/ics.go:92.2,93.20 2 1
github.com/blindmaster24/MgkeTimetableBot/internal/calendar/ics.go:97.2,98.1 1 1
github.com/blindmaster24/MgkeTimetableBot/internal/calendar/ics.go:101.2,101.14 1 1
github.com/blindmaster24/MgkeTimetableBot/internal/calendar/ics.go:102.3,103.1 1 1
github.com/blindmaster24/MgkeTimetableBot/internal/calendar/ics.go:104.2,104.38 1 1
github.com/blindmaster24/MgkeTimetableBot/internal/calendar/ics.go:105.3,106.1 1 1
github.com/blindmaster24/MgkeTimetableBot/internal/calendar/ics.go:107.2,107.41 1 0
github.com/blindmaster24/MgkeTimetableBot/internal/calendar/ics.go:108.3,109.25 2 0
github.com/blindmaster24/MgkeTimetableBot/internal/calendar/ics.go:110.4,111.1 1 0
github.com/blindmaster24/MgkeTimetableBot/internal/calendar/ics.go:112.3,112.36 1 0
github.com/blindmaster24/MgkeTimetableBot/internal/calendar/ics.go:114.2,114.12 1 0
github.com/blindmaster24/MgkeTimetableBot/internal/calendar/ics.go:118.2,118.14 1 1
github.com/blindmaster24/MgkeTimetableBot/internal/calendar/ics.go:119.3,120.1 1 0
github.com/blindmaster24/MgkeTimetableBot/internal/calendar/ics.go:121.2,121.77 1 1
github.com/blindmaster24/MgkeTimetableBot/internal/calendar/ics.go:125.2,127.30 3 1
github.com/blindmaster24/MgkeTimetableBot/internal/calendar/ics.go:128.3,129.1 1 1
github.com/blindmaster24/MgkeTimetableBot/internal/calendar/ics.go:130.2,130.36 1 1
github.com/blindmaster24/MgkeTimetableBot/internal/calendar/ics.go:131.3,132.1 1 1
github.com/blindmaster24/MgkeTimetableBot/internal/calendar/ics.go:133.2,133.36 1 1
github.com/blindmaster24/MgkeTimetableBot/internal/calendar/ics.go:134.3,135.1 1 1
github.com/blindmaster24/MgkeTimetableBot/internal/calendar/ics.go:136.2,136.36 1 1
github.com/blindmaster24/MgkeTimetableBot/internal/calendar/ics.go:137.3,138.1 1 0
github.com/blindmaster24/MgkeTimetableBot/internal/calendar/ics.go:139.2,139.33 1 1
github.com/blindmaster24/MgkeTimetableBot/internal/cache/cache.go:80.2,80.47 1 1
github.com/blindmaster24/MgkeTimetableBot/internal/cache/cache.go:81.3,82.1 1 0
github.com/blindmaster24/MgkeTimetableBot/internal/cache/cache.go:84.2,96.1 3 1
github.com/blindmaster24/MgkeTimetableBot/internal/cache/cache.go:98.2,99.15 3 1
github.com/blindmaster24/MgkeTimetableBot/internal/cache/cache.go:103.2,106.1 3 1
github.com/blindmaster24/MgkeTimetableBot/internal/cache/cache.go:109.2,112.1 3 1
github.com/blindmaster24/MgkeTimetableBot/internal/cache/cache.go:115.2,118.1 3 1
github.com/blindmaster24/MgkeTimetableBot/internal/cache/cache.go:121.2,124.1 3 1
github.com/blindmaster24/MgkeTimetableBot/internal/cache/cache.go:127.2,129.1 8 1
github.com/blindmaster24/MgkeTimetableBot/internal/cache/cache.go:130.2,132.1 8 1
github.com/blindmaster24/MgkeTimetableBot/internal/cache/cache.go:133.2,136.1 8 1
github.com/blindmaster24/MgkeTimetableBot/internal/cache/cache.go:137.2,137.29 8 1
github.com/blindmaster24/MgkeTimetableBot/internal/cache/cache.go:138.3,139.1 1 1
github.com/blindmaster24/MgkeTimetableBot/internal/cache/cache.go:143.2,145.1 8 1
github.com/blindmaster24/MgkeTimetableBot/internal/cache/cache.go:146.2,148.1 8 1
github.com/blindmaster24/MgkeTimetableBot/internal/cache/cache.go:149.2,152.1 8 1
github.com/blindmaster24/MgkeTimetableBot/internal/cache/cache.go:153.2,153.31 8 1
github.com/blindmaster24/MgkeTimetableBot/internal/cache/cache.go:154.3,155.1 1 1
github.com/blindmaster24/MgkeTimetableBot/internal/cache/cache.go:159.2,161.1 5 1
github.com/blindmaster24/MgkeTimetableBot/internal/cache/cache.go:162.2,165.1 5 1
github.com/blindmaster24/MgkeTimetableBot/internal/cache/cache.go:168.2,170.1 8 1
github.com/blindmaster24/MgkeTimetableBot/internal/cache/cache.go:171.2,172.1 8 1
github.com/blindmaster24/MgkeTimetableBot/internal/cache/cache.go:173.2,177.1 8 1
github.com/blindmaster24/MgkeTimetableBot/internal/cache/cache.go:178.2,182.1 8 1
github.com/blindmaster24/MgkeTimetableBot/internal/cache/cache.go:183.2,188.1 8 1
github.com/blindmaster24/MgkeTimetableBot/internal/cache/cache.go:189.2,191.1 8 1
github.com/blindmaster24/MgkeTimetableBot/internal/cache/cache.go:199.2,202.1 3 1
github.com/blindmaster24/MgkeTimetableBot/internal/cache/cache.go:205.2,217.1 3 1
github.com/blindmaster24/MgkeTimetableBot/internal/cache/cache.go:220.37,220.52 1 1
github.com/blindmaster24/MgkeTimetableBot/internal/cache/cache.go:221.37,221.54 1 1
github.com/blindmaster24/MgkeTimetableBot/internal/cache/cache.go:224.2,226.1 5 1
github.com/blindmaster24/MgkeTimetableBot/internal/cache/cache.go:227.2,230.1 5 1
github.com/blindmaster24/MgkeTimetableBot/internal/cache/cache.go:232.2,237.1 5 1
github.com/blindmaster24/MgkeTimetableBot/internal/cache/cache.go:239.2,239.28 5 1
github.com/blindmaster24/MgkeTimetableBot/internal/cache/cache.go:240.3,242.17 3 1
github.com/blindmaster24/MgkeTimetableBot/internal/cache/cache.go:243.4,244.1 1 0
github.com/blindmaster24/MgkeTimetableBot/internal/cache/cache.go:245.3,245.56 1 1
github.com/blindmaster24/MgkeTimetableBot/internal/cache/cache.go:246.4,247.1 1 0
github.com/blindmaster24/MgkeTimetableBot/internal/cache/cache.go:250.2,250.12 1 1
github.com/blindmaster24/MgkeTimetableBot/internal/cache/cache.go:254.2,254.44 1 1
github.com/blindmaster24/MgkeTimetableBot/internal/cache/cache.go:255.3,257.17 3 1
github.com/blindmaster24/MgkeTimetableBot/internal/cache/cache.go:258.4,259.1 1 1
github.com/blindmaster24/MgkeTimetableBot/internal/cache/cache.go:260.3,260.54 1 1
github.com/blindmaster24/MgkeTimetableBot/internal/cache/cache.go:261.4,263.1 2 1
github.com/blindmaster24/MgkeTimetableBot/internal/cache/cache.go:266.2,269.34 4 1
github.com/blindmaster24/MgkeTimetableBot/internal/cache/cache.go:273.2,273.22 1 1
github.com/blindmaster24/MgkeTimetableBot/internal/cache/cache.go:274.3,275.1 1 1
github.com/blindmaster24/MgkeTimetableBot/internal/cache/cache.go:276.2,276.22 1 1
github.com/blindmaster24/MgkeTimetableBot/internal/cache/cache.go:277.3,278.10 2 1
github.com/blindmaster24/MgkeTimetableBot/internal/cache/cache.go:279.4,280.1 1 1
github.com/blindmaster24/MgkeTimetableBot/internal/cache/cache.go:281.3,283.32 3 1
github.com/blindmaster24/MgkeTimetableBot/internal/cache/cache.go:284.4,285.1 1 1
github.com/blindmaster24/MgkeTimetableBot/internal/cache/cache.go:287.2,287.13 1 0
github.com/blindmaster24/MgkeTimetableBot/internal/cache/cache.go:291.2,294.1 3 1
github.com/blindmaster24/MgkeTimetableBot/internal/config/config.go:144.2,145.16 2 1
github.com/blindmaster24/MgkeTimetableBot/internal/config/config.go:146.3,147.1 1 1
github.com/blindmaster24/MgkeTimetableBot/internal/config/config.go:149.2,150.50 2 1
github.com/blindmaster24/MgkeTimetableBot/internal/config/config.go:151.3,152.1 1 1
github.com/blindmaster24/MgkeTimetableBot/internal/config/config.go:154.2,154.17 1 1
github.com/blindmaster24/MgkeTimetableBot/internal/i18n/i18n.go:20.2,22.1 4 1
github.com/blindmaster24/MgkeTimetableBot/internal/i18n/i18n.go:23.2,24.16 4 1
github.com/blindmaster24/MgkeTimetableBot/internal/i18n/i18n.go:25.3,25.33 1 1
github.com/blindmaster24/MgkeTimetableBot/internal/i18n/i18n.go:26.4,26.22 1 1
github.com/blindmaster24/MgkeTimetableBot/internal/i18n/i18n.go:27.5,29.1 2 1
github.com/blindmaster24/MgkeTimetableBot/internal/i18n/i18n.go:33.2,33.35 1 1
github.com/blindmaster24/MgkeTimetableBot/internal/i18n/i18n.go:37.2,38.1 1 1
github.com/blindmaster24/MgkeTimetableBot/internal/i18n/i18n.go:41.2,46.16 3 1
github.com/blindmaster24/MgkeTimetableBot/internal/i18n/i18n.go:47.3,48.1 1 1
github.com/blindmaster24/MgkeTimetableBot/internal/i18n/i18n.go:49.2,49.12 1 1
github.com/blindmaster24/MgkeTimetableBot/internal/parser/group.go:16.2,17.1 1 0
github.com/blindmaster24/MgkeTimetableBot/internal/parser/group.go:20.2,21.1 1 0
github.com/blindmaster24/MgkeTimetableBot/internal/parser/group.go:24.2,25.1 4 0
github.com/blindmaster24/MgkeTimetableBot/internal/parser/group.go:26.2,28.46 4 0
github.com/blindmaster24/MgkeTimetableBot/internal/parser/group.go:29.3,30.19 2 0
github.com/blindmaster24/MgkeTimetableBot/internal/parser/group.go:31.4,32.1 1 0
github.com/blindmaster24/MgkeTimetableBot/internal/parser/group.go:34.3,35.26 2 0
github.com/blindmaster24/MgkeTimetableBot/internal/parser/group.go:36.4,37.1 1 0
github.com/blindmaster24/MgkeTimetableBot/internal/parser/group.go:39.3,40.1 2 0
github.com/blindmaster24/MgkeTimetableBot/internal/parser/group.go:41.3,41.46 2 0
github.com/blindmaster24/MgkeTimetableBot/internal/parser/group.go:42.4,42.31 1 0
github.com/blindmaster24/MgkeTimetableBot/internal/parser/group.go:43.5,46.1 1 0
github.com/blindmaster24/MgkeTimetableBot/internal/parser/group.go:48.4,51.6 1 0
github.com/blindmaster24/MgkeTimetableBot/internal/parser/group.go:55.2,55.20 1 0
github.com/blindmaster24/MgkeTimetableBot/internal/parser/group.go:59.2,60.1 3 0
github.com/blindmaster24/MgkeTimetableBot/internal/parser/group.go:61.2,62.48 3 0
github.com/blindmaster24/MgkeTimetableBot/internal/parser/group.go:63.3,63.13 1 0
github.com/blindmaster24/MgkeTimetableBot/internal/parser/group.go:64.4,65.1 1 0
github.com/blindmaster24/MgkeTimetableBot/internal/parser/group.go:67.3,68.25 2 0
github.com/blindmaster24/MgkeTimetableBot/internal/parser/group.go:69.4,70.1 1 0
github.com/blindmaster24/MgkeTimetableBot/internal/parser/group.go:72.3,73.22 2 0
github.com/blindmaster24/MgkeTimetableBot/internal/parser/group.go:74.4,75.1 1 0
github.com/blindmaster24/MgkeTimetableBot/internal/parser/group.go:77.3,79.1 3 0
github.com/blindmaster24/MgkeTimetableBot/internal/parser/group.go:80.3,80.70 3 0
github.com/blindmaster24/MgkeTimetableBot/internal/parser/group.go:81.4,83.1 2 0
github.com/blindmaster24/MgkeTimetableBot/internal/parser/group.go:85.3,86.26 2 0
github.com/blindmaster24/MgkeTimetableBot/internal/parser/group.go:87.4,88.1 1 0
github.com/blindmaster24/MgkeTimetableBot/internal/parser/group.go:88.10,88.32 1 0
github.com/blindmaster24/MgkeTimetableBot/internal/parser/group.go:89.4,90.1 1 0
github.com/blindmaster24/MgkeTimetableBot/internal/parser/group.go:93.2,93.15 1 0
github.com/blindmaster24/MgkeTimetableBot/internal/parser/group.go:97.2,98.1 4 0
github.com/blindmaster24/MgkeTimetableBot/internal/parser/group.go:99.2,101.1 4 0
github.com/blindmaster24/MgkeTimetableBot/internal/parser/group.go:102.2,102.29 4 0
github.com/blindmaster24/MgkeTimetableBot/internal/parser/group.go:103.3,104.17 2 0
github.com/blindmaster24/MgkeTimetableBot/internal/parser/group.go:105.4,105.12 1 0
github.com/blindmaster24/MgkeTimetableBot/internal/parser/group.go:108.3,109.21 2 0
github.com/blindmaster24/MgkeTimetableBot/internal/parser/group.go:110.4,110.12 1 0
github.com/blindmaster24/MgkeTimetableBot/internal/parser/group.go:113.3,115.22 3 0
github.com/blindmaster24/MgkeTimetableBot/internal/parser/group.go:116.4,117.65 2 0
github.com/blindmaster24/MgkeTimetableBot/internal/parser/group.go:118.5,120.1 2 0
github.com/blindmaster24/MgkeTimetableBot/internal/parser/group.go:123.3,123.30 1 0
github.com/blindmaster24/MgkeTimetableBot/internal/parser/group.go:124.4,124.12 1 0
github.com/blindmaster24/MgkeTimetableBot/internal/parser/group.go:127.3,130.1 2 0
github.com/blindmaster24/MgkeTimetableBot/internal/parser/group.go:132.3,132.31 2 0
github.com/blindmaster24/MgkeTimetableBot/internal/parser/group.go:133.4,134.1 1 0
github.com/blindmaster24/MgkeTimetableBot/internal/parser/group.go:135.3,135.31 1 0
github.com/blindmaster24/MgkeTimetableBot/internal/parser/group.go:136.4,137.1 1 0
github.com/blindmaster24/MgkeTimetableBot/internal/parser/group.go:138.3,138.31 1 0
github.com/blindmaster24/MgkeTimetableBot/internal/parser/group.go:139.4,140.1 1 0
github.com/blindmaster24/MgkeTimetableBot/internal/parser/group.go:142.3,142.40 1 0
github.com/blindmaster24/MgkeTimetableBot/internal/parser/group.go:145.2,145.18 1 0
github.com/blindmaster24/MgkeTimetableBot/internal/parser/helpers.go:13.2,18.1 2 0
github.com/blindmaster24/MgkeTimetableBot/internal/parser/helpers.go:19.2,19.32 2 0
github.com/blindmaster24/MgkeTimetableBot/internal/parser/helpers.go:20.3,20.49 1 0
github.com/blindmaster24/MgkeTimetableBot/internal/parser/helpers.go:21.4,22.1 1 0
github.com/blindmaster24/MgkeTimetableBot/internal/parser/helpers.go:24.2,24.22 1 0
github.com/blindmaster24/MgkeTimetableBot/internal/parser/helpers.go:28.2,29.17 2 0
github.com/blindmaster24/MgkeTimetableBot/internal/parser/helpers.go:30.3,31.1 1 0
github.com/blindmaster24/MgkeTimetableBot/internal/parser/helpers.go:32.2,32.33 1 0
github.com/blindmaster24/MgkeTimetableBot/internal/parser/parser.go:18.2,21.1 3 0
github.com/blindmaster24/MgkeTimetableBot/internal/parser/parser.go:24.2,27.1 3 0
github.com/blindmaster24/MgkeTimetableBot/internal/parser/parser.go:30.2,31.25 2 0
github.com/blindmaster24/MgkeTimetableBot/internal/parser/parser.go:32.3,33.1 1 0
github.com/blindmaster24/MgkeTimetableBot/internal/parser/parser.go:35.2,37.24 3 0
github.com/blindmaster24/MgkeTimetableBot/internal/parser/parser.go:38.3,39.29 2 0
github.com/blindmaster24/MgkeTimetableBot/internal/parser/parser.go:40.4,41.1 1 0
github.com/blindmaster24/MgkeTimetableBot/internal/parser/parser.go:44.2,48.1 5 0
github.com/blindmaster24/MgkeTimetableBot/internal/parser/parser.go:49.2,49.22 5 0
github.com/blindmaster24/MgkeTimetableBot/internal/parser/parser.go:50.3,51.1 1 0
github.com/blindmaster24/MgkeTimetableBot/internal/parser/parser.go:53.2,59.9 1 0
github.com/blindmaster24/MgkeTimetableBot/internal/parser/parser.go:63.2,64.25 2 0
github.com/blindmaster24/MgkeTimetableBot/internal/parser/parser.go:65.3,66.1 1 0
github.com/blindmaster24/MgkeTimetableBot/internal/parser/parser.go:68.2,70.24 3 0
github.com/blindmaster24/MgkeTimetableBot/internal/parser/parser.go:71.3,72.29 2 0
github.com/blindmaster24/MgkeTimetableBot/internal/parser/parser.go:73.4,74.1 1 0
github.com/blindmaster24/MgkeTimetableBot/internal/parser/parser.go:77.2,81.1 5 0
github.com/blindmaster24/MgkeTimetableBot/internal/parser/parser.go:82.2,82.22 5 0
github.com/blindmaster24/MgkeTimetableBot/internal/parser/parser.go:83.3,84.1 1 0
github.com/blindmaster24/MgkeTimetableBot/internal/parser/parser.go:86.2,92.9 1 0
github.com/blindmaster24/MgkeTimetableBot/internal/parser/parser.go:96.2,96.13 1 0
github.com/blindmaster24/MgkeTimetableBot/internal/parser/parser.go:97.3,98.1 1 0
github.com/blindmaster24/MgkeTimetableBot/internal/parser/parser.go:99.2,99.11 1 0
github.com/blindmaster24/MgkeTimetableBot/internal/parser/parser.go:103.2,106.1 4 0
github.com/blindmaster24/MgkeTimetableBot/internal/parser/parser.go:107.2,107.115 4 0
github.com/blindmaster24/MgkeTimetableBot/internal/parser/parser.go:108.3,109.1 1 0
github.com/blindmaster24/MgkeTimetableBot/internal/parser/parser.go:110.2,110.115 1 0
github.com/blindmaster24/MgkeTimetableBot/internal/parser/parser.go:111.3,112.1 1 0
github.com/blindmaster24/MgkeTimetableBot/internal/parser/parser.go:114.2,114.33 1 0
github.com/blindmaster24/MgkeTimetableBot/internal/parser/teacher.go:15.2,16.1 1 0
github.com/blindmaster24/MgkeTimetableBot/internal/parser/teacher.go:19.2,20.1 1 0
github.com/blindmaster24/MgkeTimetableBot/internal/parser/teacher.go:23.2,24.1 4 0
github.com/blindmaster24/MgkeTimetableBot/internal/parser/teacher.go:25.2,27.46 4 0
github.com/blindmaster24/MgkeTimetableBot/internal/parser/teacher.go:28.3,29.24 2 0
github.com/blindmaster24/MgkeTimetableBot/internal/parser/teacher.go:30.4,31.1 1 0
github.com/blindmaster24/MgkeTimetableBot/internal/parser/teacher.go:33.3,34.26 2 0
github.com/blindmaster24/MgkeTimetableBot/internal/parser/teacher.go:35.4,36.1 1 0
github.com/blindmaster24/MgkeTimetableBot/internal/parser/teacher.go:38.3,39.1 2 0
github.com/blindmaster24/MgkeTimetableBot/internal/parser/teacher.go:40.3,40.35 2 0
github.com/blindmaster24/MgkeTimetableBot/internal/parser/teacher.go:41.4,44.1 1 0
github.com/blindmaster24/MgkeTimetableBot/internal/parser/teacher.go:46.3,46.75 1 0
github.com/blindmaster24/MgkeTimetableBot/internal/parser/teacher.go:49.2,49.22 1 0
github.com/blindmaster24/MgkeTimetableBot/internal/parser/teacher.go:53.2,54.1 3 0
github.com/blindmaster24/MgkeTimetableBot/internal/parser/teacher.go:55.2,56.48 3 0
github.com/blindmaster24/MgkeTimetableBot/internal/parser/teacher.go:57.3,57.13 1 0
github.com/blindmaster24/MgkeTimetableBot/internal/parser/teacher.go:58.4,59.1 1 0
github.com/blindmaster24/MgkeTimetableBot/internal/parser/teacher.go:61.3,62.25 2 0
github.com/blindmaster24/MgkeTimetableBot/internal/parser/teacher.go:63.4,64.1 1 0
github.com/blindmaster24/MgkeTimetableBot/internal/parser/teacher.go:66.3,67.19 2 0
github.com/blindmaster24/MgkeTimetableBot/internal/parser/teacher.go:68.4,69.1 1 0
github.com/blindmaster24/MgkeTimetableBot/internal/parser/teacher.go:71.3,73.1 4 0
github.com/blindmaster24/MgkeTimetableBot/internal/parser/teacher.go:74.3,75.1 4 0
github.com/blindmaster24/MgkeTimetableBot/internal/parser/teacher.go:76.3,76.70 4 0
github.com/blindmaster24/MgkeTimetableBot/internal/parser/teacher.go:77.4,82.1 2 0
github.com/blindmaster24/MgkeTimetableBot/internal/parser/teacher.go:84.3,86.1 3 0
github.com/blindmaster24/MgkeTimetableBot/internal/parser/teacher.go:87.3,87.30 3 0
github.com/blindmaster24/MgkeTimetableBot/internal/parser/teacher.go:88.4,89.18 2 0
github.com/blindmaster24/MgkeTimetableBot/internal/parser/teacher.go:90.5,90.13 1 0
github.com/blindmaster24/MgkeTimetableBot/internal/parser/teacher.go:93.4,94.22 2 0
github.com/blindmaster24/MgkeTimetableBot/internal/parser/teacher.go:95.5,95.13 1 0
github.com/blindmaster24/MgkeTimetableBot/internal/parser/teacher.go:98.4,101.1 2 0
github.com/blindmaster24/MgkeTimetableBot/internal/parser/teacher.go:103.4,103.22 2 0
github.com/blindmaster24/MgkeTimetableBot/internal/parser/teacher.go:104.5,105.1 1 0
github.com/blindmaster24/MgkeTimetableBot/internal/parser/teacher.go:106.4,106.22 1 0
github.com/blindmaster24/MgkeTimetableBot/internal/parser/teacher.go:107.5,108.1 1 0
github.com/blindmaster24/MgkeTimetableBot/internal/parser/teacher.go:110.4,110.37 1 0
github.com/blindmaster24/MgkeTimetableBot/internal/parser/teacher.go:113.3,116.5 1 0
github.com/blindmaster24/MgkeTimetableBot/internal/parser/teacher.go:119.2,119.13 1 0
github.com/blindmaster24/MgkeTimetableBot/internal/model/group.go:21.2,21.15 1 0
github.com/blindmaster24/MgkeTimetableBot/internal/model/group.go:22.3,23.1 1 0
github.com/blindmaster24/MgkeTimetableBot/internal/model/group.go:24.2,24.43 1 0
github.com/blindmaster24/MgkeTimetableBot/internal/model/group.go:25.3,26.1 1 0
github.com/blindmaster24/MgkeTimetableBot/internal/model/group.go:27.2,27.12 1 0
github.com/blindmaster24/MgkeTimetableBot/internal/model/group.go:31.2,31.15 1 0
github.com/blindmaster24/MgkeTimetableBot/internal/model/group.go:32.3,33.1 1 0
github.com/blindmaster24/MgkeTimetableBot/internal/model/group.go:34.2,34.45 1 0
github.com/blindmaster24/MgkeTimetableBot/internal/model/group.go:35.3,36.1 1 0
github.com/blindmaster24/MgkeTimetableBot/internal/model/group.go:37.2,37.12 1 0
github.com/blindmaster24/MgkeTimetableBot/internal/model/group.go:41.2,43.1 2 0
github.com/blindmaster24/MgkeTimetableBot/internal/api/server.go:17.2,20.1 6 0
github.com/blindmaster24/MgkeTimetableBot/internal/api/server.go:21.2,25.1 6 0
github.com/blindmaster24/MgkeTimetableBot/internal/api/server.go:27.2,29.1 6 0
github.com/blindmaster24/MgkeTimetableBot/internal/api/server.go:32.2,38.1 6 0
github.com/blindmaster24/MgkeTimetableBot/internal/api/server.go:41.2,42.1 1 0
github.com/blindmaster24/MgkeTimetableBot/internal/api/server.go:45.2,46.1 1 0
github.com/blindmaster24/MgkeTimetableBot/internal/api/server.go:49.2,53.1 1 0
github.com/blindmaster24/MgkeTimetableBot/internal/api/server.go:56.2,58.24 3 0
github.com/blindmaster24/MgkeTimetableBot/internal/api/server.go:59.3,60.1 1 0
github.com/blindmaster24/MgkeTimetableBot/internal/api/server.go:61.2,61.46 1 0
github.com/blindmaster24/MgkeTimetableBot/internal/api/server.go:65.2,67.26 3 0
github.com/blindmaster24/MgkeTimetableBot/internal/api/server.go:68.3,69.1 1 0
github.com/blindmaster24/MgkeTimetableBot/internal/api/server.go:70.2,70.48 1 0
github.com/blindmaster24/MgkeTimetableBot/internal/api/server.go:74.2,77.9 4 0
github.com/blindmaster24/MgkeTimetableBot/internal/api/server.go:78.3,80.1 2 0
github.com/blindmaster24/MgkeTimetableBot/internal/api/server.go:81.2,82.29 2 0
github.com/blindmaster24/MgkeTimetableBot/internal/api/server.go:86.2,89.9 4 0
github.com/blindmaster24/MgkeTimetableBot/internal/api/server.go:90.3,92.1 2 0
github.com/blindmaster24/MgkeTimetableBot/internal/api/server.go:93.2,94.29 2 0
github.com/blindmaster24/MgkeTimetableBot/internal/api/server.go:98.2,100.1 2 0
github.com/blindmaster24/MgkeTimetableBot/internal/api/server.go:103.2,103.12 1 0
github.com/blindmaster24/MgkeTimetableBot/internal/api/server.go:104.3,105.1 1 0
github.com/blindmaster24/MgkeTimetableBot/internal/api/server.go:106.2,107.12 2 0
github.com/blindmaster24/MgkeTimetableBot/internal/api/server.go:108.3,110.1 2 0
github.com/blindmaster24/MgkeTimetableBot/internal/api/server.go:111.2,111.20 1 0
github.com/blindmaster24/MgkeTimetableBot/internal/logger/logger.go:17.2,18.1 3 0
github.com/blindmaster24/MgkeTimetableBot/internal/logger/logger.go:19.2,23.1 3 0
github.com/blindmaster24/MgkeTimetableBot/internal/logger/logger.go:24.2,24.39 3 0
github.com/blindmaster24/MgkeTimetableBot/internal/logger/logger.go:25.3,32.1 1 0
github.com/blindmaster24/MgkeTimetableBot/internal/logger/logger.go:34.2,35.1 3 0
github.com/blindmaster24/MgkeTimetableBot/internal/logger/logger.go:36.2,37.16 3 0
github.com/blindmaster24/MgkeTimetableBot/internal/logger/logger.go:38.3,39.1 1 0
github.com/blindmaster24/MgkeTimetableBot/internal/logger/logger.go:41.2,42.22 2 0
github.com/blindmaster24/MgkeTimetableBot/internal/logger/logger.go:53.2,54.1 1 0
github.com/blindmaster24/MgkeTimetableBot/internal/logger/logger.go:57.2,58.1 1 0
github.com/blindmaster24/MgkeTimetableBot/internal/logger/logger.go:61.2,62.1 1 0
github.com/blindmaster24/MgkeTimetableBot/internal/logger/logger.go:65.2,66.1 1 0
github.com/blindmaster24/MgkeTimetableBot/internal/logger/logger.go:69.2,70.1 1 0
github.com/blindmaster24/MgkeTimetableBot/internal/logger/logger.go:73.2,74.1 1 0
github.com/blindmaster24/MgkeTimetableBot/internal/logger/logger.go:77.2,78.1 1 0
github.com/blindmaster24/MgkeTimetableBot/internal/logger/logger.go:81.2,82.1 1 0
github.com/blindmaster24/MgkeTimetableBot/internal/parser/v2/diff.go:16.2,17.1 1 0
github.com/blindmaster24/MgkeTimetableBot/internal/parser/v2/diff.go:20.2,21.1 1 0
github.com/blindmaster24/MgkeTimetableBot/internal/parser/v2/diff.go:24.2,25.25 2 0
github.com/blindmaster24/MgkeTimetableBot/internal/parser/v2/diff.go:26.3,27.1 1 0
github.com/blindmaster24/MgkeTimetableBot/internal/parser/v2/diff.go:28.2,28.26 1 0
github.com/blindmaster24/MgkeTimetableBot/internal/parser/v2/diff.go:29.3,30.1 1 0
github.com/blindmaster24/MgkeTimetableBot/internal/parser/v2/diff.go:32.2,33.24 2 0
github.com/blindmaster24/MgkeTimetableBot/internal/parser/v2/diff.go:34.3,35.30 2 0
github.com/blindmaster24/MgkeTimetableBot/internal/parser/v2/diff.go:36.4,37.28 2 0
github.com/blindmaster24/MgkeTimetableBot/internal/parser/v2/diff.go:38.5,39.1 1 0
github.com/blindmaster24/MgkeTimetableBot/internal/parser/v2/diff.go:43.2,43.15 1 0
github.com/blindmaster24/MgkeTimetableBot/internal/parser/v2/diff.go:47.2,48.1 4 0
github.com/blindmaster24/MgkeTimetableBot/internal/parser/v2/diff.go:49.2,51.1 4 0
github.com/blindmaster24/MgkeTimetableBot/internal/parser/v2/diff.go:52.2,52.35 4 0
github.com/blindmaster24/MgkeTimetableBot/internal/parser/v2/diff.go:54.3,54.28 1 0
github.com/blindmaster24/MgkeTimetableBot/internal/parser/v2/diff.go:55.4,56.1 1 0
github.com/blindmaster24/MgkeTimetableBot/internal/parser/v2/diff.go:58.3,58.28 1 0
github.com/blindmaster24/MgkeTimetableBot/internal/parser/v2/diff.go:59.4,60.1 1 0
github.com/blindmaster24/MgkeTimetableBot/internal/parser/v2/diff.go:63.2,63.21 1 0
github.com/blindmaster24/MgkeTimetableBot/internal/parser/v2/diff.go:64.3,64.36 1 0
github.com/blindmaster24/MgkeTimetableBot/internal/parser/v2/diff.go:66.4,66.29 1 0
github.com/blindmaster24/MgkeTimetableBot/internal/parser/v2/diff.go:67.5,68.1 1 0
github.com/blindmaster24/MgkeTimetableBot/internal/parser/v2/diff.go:70.4,70.29 1 0
github.com/blindmaster24/MgkeTimetableBot/internal/parser/v2/diff.go:71.5,72.1 1 0
github.com/blindmaster24/MgkeTimetableBot/internal/parser/v2/diff.go:76.2,77.28 2 0
github.com/blindmaster24/MgkeTimetableBot/internal/parser/v2/diff.go:78.3,79.1 1 0
github.com/blindmaster24/MgkeTimetableBot/internal/parser/v2/diff.go:81.2,81.28 1 0
github.com/blindmaster24/MgkeTimetableBot/internal/parser/v2/diff.go:82.3,83.14 2 0
github.com/blindmaster24/MgkeTimetableBot/internal/parser/v2/diff.go:84.4,85.12 2 0
github.com/blindmaster24/MgkeTimetableBot/internal/parser/v2/diff.go:87.3,89.41 3 0
github.com/blindmaster24/MgkeTimetableBot/internal/parser/v2/diff.go:90.4,91.1 1 0
github.com/blindmaster24/MgkeTimetableBot/internal/parser/v2/diff.go:92.3,92.24 1 0
github.com/blindmaster24/MgkeTimetableBot/internal/parser/v2/diff.go:95.2,95.26 1 0
github.com/blindmaster24/MgkeTimetableBot/internal/parser/v2/diff.go:96.3,97.1 1 0
github.com/blindmaster24/MgkeTimetableBot/internal/parser/v2/diff.go:99.2,99.14 1 0
github.com/blindmaster24/MgkeTimetableBot/internal/parser/v2/grid.go:17.2,19.1 4 0
github.com/blindmaster24/MgkeTimetableBot/internal/parser/v2/grid.go:20.2,21.55 4 0
github.com/blindmaster24/MgkeTimetableBot/internal/parser/v2/grid.go:22.3,23.1 3 0
github.com/blindmaster24/MgkeTimetableBot/internal/parser/v2/grid.go:24.3,25.7 3 0
github.com/blindmaster24/MgkeTimetableBot/internal/parser/v2/grid.go:26.4,26.57 1 0
github.com/blindmaster24/MgkeTimetableBot/internal/parser/v2/grid.go:27.5,29.25 3 0
github.com/blindmaster24/MgkeTimetableBot/internal/parser/v2/grid.go:30.6,31.1 1 0
github.com/blindmaster24/MgkeTimetableBot/internal/parser/v2/grid.go:32.5,33.13 2 0
github.com/blindmaster24/MgkeTimetableBot/internal/parser/v2/grid.go:35.4,35.9 1 0
github.com/blindmaster24/MgkeTimetableBot/internal/parser/v2/grid.go:38.3,39.51 2 0
github.com/blindmaster24/MgkeTimetableBot/internal/parser/v2/grid.go:40.4,40.33 1 0
github.com/blindmaster24/MgkeTimetableBot/internal/parser/v2/grid.go:41.5,42.1 1 0
github.com/blindmaster24/MgkeTimetableBot/internal/parser/v2/grid.go:44.4,46.1 3 0
github.com/blindmaster24/MgkeTimetableBot/internal/parser/v2/grid.go:47.4,47.48 3 0
github.com/blindmaster24/MgkeTimetableBot/internal/parser/v2/grid.go:48.5,49.29 2 0
github.com/blindmaster24/MgkeTimetableBot/internal/parser/v2/grid.go:50.6,51.1 1 0
github.com/blindmaster24/MgkeTimetableBot/internal/parser/v2/grid.go:52.5,53.1 2 0
github.com/blindmaster24/MgkeTimetableBot/internal/parser/v2/grid.go:54.5,54.20 2 0
github.com/blindmaster24/MgkeTimetableBot/internal/parser/v2/grid.go:55.6,60.1 1 0
github.com/blindmaster24/MgkeTimetableBot/internal/parser/v2/grid.go:64.4,64.23 1 0
github.com/blindmaster24/MgkeTimetableBot/internal/parser/v2/grid.go:67.3,67.31 1 0
github.com/blindmaster24/MgkeTimetableBot/internal/parser/v2/grid.go:70.2,71.27 2 0
github.com/blindmaster24/MgkeTimetableBot/internal/parser/v2/grid.go:72.3,72.23 1 0
github.com/blindmaster24/MgkeTimetableBot/internal/parser/v2/grid.go:73.4,74.1 1 0
github.com/blindmaster24/MgkeTimetableBot/internal/parser/v2/grid.go:77.2,81.1 1 0
github.com/blindmaster24/MgkeTimetableBot/internal/parser/v2/grid.go:85.2,87.1 4 0
github.com/blindmaster24/MgkeTimetableBot/internal/parser/v2/grid.go:88.2,89.29 4 0
github.com/blindmaster24/MgkeTimetableBot/internal/parser/v2/grid.go:90.3,93.1 4 0
github.com/blindmaster24/MgkeTimetableBot/internal/parser/v2/grid.go:94.3,94.31 4 0
github.com/blindmaster24/MgkeTimetableBot/internal/parser/v2/grid.go:95.4,95.22 1 0
github.com/blindmaster24/MgkeTimetableBot/internal/parser/v2/grid.go:96.5,96.13 1 0
github.com/blindmaster24/MgkeTimetableBot/internal/parser/v2/grid.go:98.4,99.17 2 0
github.com/blindmaster24/MgkeTimetableBot/internal/parser/v2/grid.go:100.5,100.13 1 0
github.com/blindmaster24/MgkeTimetableBot/internal/parser/v2/grid.go:102.4,102.22 1 0
github.com/blindmaster24/MgkeTimetableBot/internal/parser/v2/grid.go:103.5,105.1 2 0
github.com/blindmaster24/MgkeTimetableBot/internal/parser/v2/grid.go:108.3,108.24 1 0
github.com/blindmaster24/MgkeTimetableBot/internal/parser/v2/grid.go:109.4,111.1 2 0
github.com/blindmaster24/MgkeTimetableBot/internal/parser/v2/grid.go:114.2,114.26 1 0
github.com/blindmaster24/MgkeTimetableBot/internal/parser/v2/grid.go:115.3,116.1 1 0
github.com/blindmaster24/MgkeTimetableBot/internal/parser/v2/grid.go:118.2,118.18 1 0
github.com/blindmaster24/MgkeTimetableBot/internal/parser/v2/grid.go:122.2,122.57 1 0
github.com/blindmaster24/MgkeTimetableBot/internal/parser/v2/grid.go:123.3,124.1 1 0
github.com/blindmaster24/MgkeTimetableBot/internal/parser/v2/grid.go:126.2,129.1 4 0
github.com/blindmaster24/MgkeTimetableBot/internal/parser/v2/grid.go:130.2,130.32 4 0
github.com/blindmaster24/MgkeTimetableBot/internal/parser/v2/grid.go:131.3,132.21 2 0
github.com/blindmaster24/MgkeTimetableBot/internal/parser/v2/grid.go:133.4,134.12 2 0
github.com/blindmaster24/MgkeTimetableBot/internal/parser/v2/grid.go:137.3,138.16 2 0
github.com/blindmaster24/MgkeTimetableBot/internal/parser/v2/grid.go:139.4,140.12 2 0
github.com/blindmaster24/MgkeTimetableBot/internal/parser/v2/grid.go:143.3,144.136 2 0
github.com/blindmaster24/MgkeTimetableBot/internal/parser/v2/grid.go:145.4,146.1 1 0
github.com/blindmaster24/MgkeTimetableBot/internal/parser/v2/grid.go:148.3,148.38 1 0
github.com/blindmaster24/MgkeTimetableBot/internal/parser/v2/grid.go:149.4,150.23 2 0
github.com/blindmaster24/MgkeTimetableBot/internal/parser/v2/grid.go:151.5,152.13 2 0
github.com/blindmaster24/MgkeTimetableBot/internal/parser/v2/grid.go:154.4,155.21 2 0
github.com/blindmaster24/MgkeTimetableBot/internal/parser/v2/grid.go:156.5,156.10 1 0
github.com/blindmaster24/MgkeTimetableBot/internal/parser/v2/grid.go:158.4,158.10 1 0
github.com/blindmaster24/MgkeTimetableBot/internal/parser/v2/grid.go:161.3,167.1 2 0
github.com/blindmaster24/MgkeTimetableBot/internal/parser/v2/grid.go:168.3,168.19 2 0
github.com/blindmaster24/MgkeTimetableBot/internal/parser/v2/grid.go:171.2,171.15 1 0
github.com/blindmaster24/MgkeTimetableBot/internal/parser/v2/grid.go:175.2,176.29 2 0
github.com/blindmaster24/MgkeTimetableBot/internal/parser/v2/grid.go:177.3,178.1 1 0
github.com/blindmaster24/MgkeTimetableBot/internal/parser/v2/grid.go:179.2,180.24 2 0
github.com/blindmaster24/MgkeTimetableBot/internal/parser/v2/grid.go:181.3,181.27 1 0
github.com/blindmaster24/MgkeTimetableBot/internal/parser/v2/grid.go:182.4,183.1 1 0
github.com/blindmaster24/MgkeTimetableBot/internal/parser/v2/grid.go:184.4,184.9 1 0
github.com/blindmaster24/MgkeTimetableBot/internal/parser/v2/grid.go:187.2,187.10 1 0
github.com/blindmaster24/MgkeTimetableBot/internal/parser/v2/grid.go:191.2,192.1 1 0
github.com/blindmaster24/MgkeTimetableBot/internal/parser/v2/grid.go:195.2,195.11 1 0
github.com/blindmaster24/MgkeTimetableBot/internal/parser/v2/grid.go:196.3,197.1 1 0
github.com/blindmaster24/MgkeTimetableBot/internal/parser/v2/grid.go:198.2,198.10 1 0
github.com/blindmaster24/MgkeTimetableBot/internal/parser/v2/group.go:18.2,19.1 1 0
github.com/blindmaster24/MgkeTimetableBot/internal/parser/v2/group.go:22.2,26.1 4 0
github.com/blindmaster24/MgkeTimetableBot/internal/parser/v2/group.go:29.2,31.1 3 0
github.com/blindmaster24/MgkeTimetableBot/internal/parser/v2/group.go:32.2,32.31 3 0
github.com/blindmaster24/MgkeTimetableBot/internal/parser/v2/group.go:33.3,34.18 2 0
github.com/blindmaster24/MgkeTimetableBot/internal/parser/v2/group.go:35.4,35.12 1 0
github.com/blindmaster24/MgkeTimetableBot/internal/parser/v2/group.go:38.3,39.20 2 0
github.com/blindmaster24/MgkeTimetableBot/internal/parser/v2/group.go:40.4,40.12 1 0
github.com/blindmaster24/MgkeTimetableBot/internal/parser/v2/group.go:43.3,44.22 2 0
github.com/blindmaster24/MgkeTimetableBot/internal/parser/v2/group.go:45.4,47.1 2 0
github.com/blindmaster24/MgkeTimetableBot/internal/parser/v2/group.go:48.4,51.1 1 0
github.com/blindmaster24/MgkeTimetableBot/internal/parser/v2/group.go:55.2,56.1 2 0
github.com/blindmaster24/MgkeTimetableBot/internal/parser/v2/group.go:57.2,57.27 2 0
github.com/blindmaster24/MgkeTimetableBot/internal/parser/v2/group.go:58.3,58.25 1 0
github.com/blindmaster24/MgkeTimetableBot/internal/parser/v2/group.go:59.4,60.1 1 0
github.com/blindmaster24/MgkeTimetableBot/internal/parser/v2/group.go:63.2,63.20 1 0
github.com/blindmaster24/MgkeTimetableBot/internal/parser/v2/group.go:73.2,75.38 3 0
github.com/blindmaster24/MgkeTimetableBot/internal/parser/v2/group.go:76.3,77.1 1 0
github.com/blindmaster24/MgkeTimetableBot/internal/parser/v2/group.go:79.2,81.24 3 0
github.com/blindmaster24/MgkeTimetableBot/internal/parser/v2/group.go:82.3,83.1 1 0
github.com/blindmaster24/MgkeTimetableBot/internal/parser/v2/group.go:84.2,85.21 2 0
github.com/blindmaster24/MgkeTimetableBot/internal/parser/v2/group.go:86.3,87.1 1 0
github.com/blindmaster24/MgkeTimetableBot/internal/parser/v2/group.go:89.2,90.27 2 0
github.com/blindmaster24/MgkeTimetableBot/internal/parser/v2/group.go:91.3,92.1 1 0
github.com/blindmaster24/MgkeTimetableBot/internal/parser/v2/group.go:94.2,94.73 1 0
github.com/blindmaster24/MgkeTimetableBot/internal/parser/v2/group.go:95.3,96.34 2 0
github.com/blindmaster24/MgkeTimetableBot/internal/parser/v2/group.go:97.4,97.12 1 0
github.com/blindmaster24/MgkeTimetableBot/internal/parser/v2/group.go:100.3,101.54 2 0
github.com/blindmaster24/MgkeTimetableBot/internal/parser/v2/group.go:102.4,102.12 1 0
github.com/blindmaster24/MgkeTimetableBot/internal/parser/v2/group.go:105.3,106.24 2 0
github.com/blindmaster24/MgkeTimetableBot/internal/parser/v2/group.go:107.4,107.12 1 0
github.com/blindmaster24/MgkeTimetableBot/internal/parser/v2/group.go:110.3,110.28 1 0
github.com/blindmaster24/MgkeTimetableBot/internal/parser/v2/group.go:111.4,113.18 3 0
github.com/blindmaster24/MgkeTimetableBot/internal/parser/v2/group.go:114.5,115.1 1 0
github.com/blindmaster24/MgkeTimetableBot/internal/parser/v2/group.go:117.4,118.53 2 0
github.com/blindmaster24/MgkeTimetableBot/internal/parser/v2/group.go:122.2,126.1 1 0
github.com/blindmaster24/MgkeTimetableBot/internal/parser/v2/group.go:130.2,131.65 2 0
github.com/blindmaster24/MgkeTimetableBot/internal/parser/v2/group.go:132.3,134.14 3 0
github.com/blindmaster24/MgkeTimetableBot/internal/parser/v2/group.go:135.4,136.1 1 0
github.com/blindmaster24/MgkeTimetableBot/internal/parser/v2/group.go:137.3,138.22 2 0
github.com/blindmaster24/MgkeTimetableBot/internal/parser/v2/group.go:139.4,140.1 1 0
github.com/blindmaster24/MgkeTimetableBot/internal/parser/v2/group.go:141.3,141.33 1 0
github.com/blindmaster24/MgkeTimetableBot/internal/parser/v2/group.go:143.2,143.15 1 0
github.com/blindmaster24/MgkeTimetableBot/internal/parser/v2/group.go:147.2,149.38 3 0
github.com/blindmaster24/MgkeTimetableBot/internal/parser/v2/group.go:150.3,151.63 2 0
github.com/blindmaster24/MgkeTimetableBot/internal/parser/v2/group.go:152.4,153.70 2 0
github.com/blindmaster24/MgkeTimetableBot/internal/parser/v2/group.go:154.5,155.1 1 0
github.com/blindmaster24/MgkeTimetableBot/internal/parser/v2/group.go:157.3,157.21 1 0
github.com/blindmaster24/MgkeTimetableBot/internal/parser/v2/group.go:158.4,158.9 1 0
github.com/blindmaster24/MgkeTimetableBot/internal/parser/v2/group.go:160.3,161.10 2 0
github.com/blindmaster24/MgkeTimetableBot/internal/parser/v2/group.go:163.2,163.11 1 0
github.com/blindmaster24/MgkeTimetableBot/internal/parser/v2/group.go:167.2,168.76 2 0
github.com/blindmaster24/MgkeTimetableBot/internal/parser/v2/group.go:169.3,170.1 1 0
github.com/blindmaster24/MgkeTimetableBot/internal/parser/v2/group.go:171.2,172.20 2 0
github.com/blindmaster24/MgkeTimetableBot/internal/parser/v2/group.go:173.3,174.1 1 0
github.com/blindmaster24/MgkeTimetableBot/internal/parser/v2/group.go:175.2,175.36 1 0
github.com/blindmaster24/MgkeTimetableBot/internal/parser/v2/group.go:179.2,181.1 2 0
github.com/blindmaster24/MgkeTimetableBot/internal/parser/v2/group.go:184.2,185.21 2 0
github.com/blindmaster24/MgkeTimetableBot/internal/parser/v2/group.go:186.3,187.1 1 0
github.com/blindmaster24/MgkeTimetableBot/internal/parser/v2/group.go:189.2,190.23 2 0
github.com/blindmaster24/MgkeTimetableBot/internal/parser/v2/group.go:191.3,192.1 1 0
github.com/blindmaster24/MgkeTimetableBot/internal/parser/v2/group.go:194.2,196.1 3 0
github.com/blindmaster24/MgkeTimetableBot/internal/parser/v2/group.go:197.2,197.53 3 0
github.com/blindmaster24/MgkeTimetableBot/internal/parser/v2/group.go:198.3,199.1 1 0
github.com/blindmaster24/MgkeTimetableBot/internal/parser/v2/group.go:200.2,200.16 1 0
github.com/blindmaster24/MgkeTimetableBot/internal/parser/v2/group.go:204.2,207.1 4 0
github.com/blindmaster24/MgkeTimetableBot/internal/parser/v2/group.go:208.2,208.17 4 0
github.com/blindmaster24/MgkeTimetableBot/internal/parser/v2/group.go:209.3,209.19 1 0
github.com/blindmaster24/MgkeTimetableBot/internal/parser/v2/group.go:210.4,215.1 5 0
github.com/blindmaster24/MgkeTimetableBot/internal/parser/v2/group.go:216.3,219.1 2 0
github.com/blindmaster24/MgkeTimetableBot/internal/parser/v2/group.go:220.3,220.16 2 0
github.com/blindmaster24/MgkeTimetableBot/internal/parser/v2/group.go:221.4,222.1 1 0
github.com/blindmaster24/MgkeTimetableBot/internal/parser/v2/group.go:223.3,223.20 1 0
github.com/blindmaster24/MgkeTimetableBot/internal/parser/v2/group.go:224.4,225.1 1 0
github.com/blindmaster24/MgkeTimetableBot/internal/parser/v2/group.go:226.3,230.15 5 0
github.com/blindmaster24/MgkeTimetableBot/internal/parser/v2/group.go:233.2,233.28 1 0
github.com/blindmaster24/MgkeTimetableBot/internal/parser/v2/group.go:234.3,234.44 1 0
github.com/blindmaster24/MgkeTimetableBot/internal/parser/v2/group.go:235.4,237.12 3 0
github.com/blindmaster24/MgkeTimetableBot/internal/parser/v2/group.go:239.3,239.56 1 0
github.com/blindmaster24/MgkeTimetableBot/internal/parser/v2/group.go:240.4,241.12 2 0
github.com/blindmaster24/MgkeTimetableBot/internal/parser/v2/group.go:243.3,243.19 1 0
github.com/blindmaster24/MgkeTimetableBot/internal/parser/v2/group.go:244.4,244.43 1 0
github.com/blindmaster24/MgkeTimetableBot/internal/parser/v2/group.go:245.5,247.1 2 0
github.com/blindmaster24/MgkeTimetableBot/internal/parser/v2/group.go:248.4,248.12 1 0
github.com/blindmaster24/MgkeTimetableBot/internal/parser/v2/group.go:250.3,250.20 1 0
github.com/blindmaster24/MgkeTimetableBot/internal/parser/v2/group.go:251.4,252.12 2 0
github.com/blindmaster24/MgkeTimetableBot/internal/parser/v2/group.go:254.3,254.25 1 0
github.com/blindmaster24/MgkeTimetableBot/internal/parser/v2/group.go:255.4,256.12 2 0
github.com/blindmaster24/MgkeTimetableBot/internal/parser/v2/group.go:258.3,259.42 2 0
github.com/blindmaster24/MgkeTimetableBot/internal/parser/v2/group.go:260.4,262.1 2 0
github.com/blindmaster24/MgkeTimetableBot/internal/parser/v2/group.go:264.2,265.16 2 0
github.com/blindmaster24/MgkeTimetableBot/internal/parser/v2/group.go:271.2,272.18 2 0
github.com/blindmaster24/MgkeTimetableBot/internal/parser/v2/group.go:273.3,274.1 1 0
github.com/blindmaster24/MgkeTimetableBot/internal/parser/v2/group.go:275.2,276.20 2 0
github.com/blindmaster24/MgkeTimetableBot/internal/parser/v2/group.go:277.3,280.1 3 0
github.com/blindmaster24/MgkeTimetableBot/internal/parser/v2/group.go:281.2,284.84 4 0
github.com/blindmaster24/MgkeTimetableBot/internal/parser/v2/group.go:288.2,289.53 2 0
github.com/blindmaster24/MgkeTimetableBot/internal/parser/v2/group.go:290.3,292.1 2 0
github.com/blindmaster24/MgkeTimetableBot/internal/parser/v2/group.go:293.2,293.12 1 0
github.com/blindmaster24/MgkeTimetableBot/internal/parser/v2/group.go:304.2,305.18 2 0
github.com/blindmaster24/MgkeTimetableBot/internal/parser/v2/group.go:306.3,307.1 1 0
github.com/blindmaster24/MgkeTimetableBot/internal/parser/v2/group.go:308.2,309.20 2 0
github.com/blindmaster24/MgkeTimetableBot/internal/parser/v2/group.go:310.3,313.1 3 0
github.com/blindmaster24/MgkeTimetableBot/internal/parser/v2/group.go:314.2,314.78 1 0
github.com/blindmaster24/MgkeTimetableBot/internal/parser/v2/group.go:318.2,318.23 1 0
github.com/blindmaster24/MgkeTimetableBot/internal/parser/v2/group.go:319.3,320.1 1 0
github.com/blindmaster24/MgkeTimetableBot/internal/parser/v2/group.go:321.2,323.26 3 0
github.com/blindmaster24/MgkeTimetableBot/internal/parser/v2/group.go:324.3,325.1 1 0
github.com/blindmaster24/MgkeTimetableBot/internal/parser/v2/group.go:326.2,327.31 2 0
github.com/blindmaster24/MgkeTimetableBot/internal/parser/v2/group.go:328.3,328.26 1 0
github.com/blindmaster24/MgkeTimetableBot/internal/parser/v2/group.go:329.4,330.9 2 0
github.com/blindmaster24/MgkeTimetableBot/internal/parser/v2/group.go:333.2,333.13 1 0
github.com/blindmaster24/MgkeTimetableBot/internal/parser/v2/group.go:334.3,335.1 1 0
github.com/blindmaster24/MgkeTimetableBot/internal/parser/v2/group.go:336.2,336.26 1 0
github.com/blindmaster24/MgkeTimetableBot/internal/parser/v2/group.go:337.3,338.29 2 0
github.com/blindmaster24/MgkeTimetableBot/internal/parser/v2/group.go:339.4,340.1 1 0
github.com/blindmaster24/MgkeTimetableBot/internal/parser/v2/group.go:341.3,341.9 1 0
github.com/blindmaster24/MgkeTimetableBot/internal/parser/v2/group.go:343.2,344.28 2 0
github.com/blindmaster24/MgkeTimetableBot/internal/parser/v2/group.go:345.3,345.24 1 0
github.com/blindmaster24/MgkeTimetableBot/internal/parser/v2/group.go:346.4,347.9 2 0
github.com/blindmaster24/MgkeTimetableBot/internal/parser/v2/group.go:350.2,350.12 1 0
github.com/blindmaster24/MgkeTimetableBot/internal/parser/v2/group.go:351.3,351.29 1 0
github.com/blindmaster24/MgkeTimetableBot/internal/parser/v2/group.go:352.4,353.82 2 0
github.com/blindmaster24/MgkeTimetableBot/internal/parser/v2/group.go:354.5,355.1 1 0
github.com/blindmaster24/MgkeTimetableBot/internal/parser/v2/group.go:355.11,355.37 1 0
github.com/blindmaster24/MgkeTimetableBot/internal/parser/v2/group.go:356.5,357.1 1 0
github.com/blindmaster24/MgkeTimetableBot/internal/parser/v2/group.go:358.4,359.20 2 0
github.com/blindmaster24/MgkeTimetableBot/internal/parser/v2/group.go:361.3,361.9 1 0
github.com/blindmaster24/MgkeTimetableBot/internal/parser/v2/group.go:363.2,363.28 1 0
github.com/blindmaster24/MgkeTimetableBot/internal/parser/v2/group.go:364.3,365.29 2 0
github.com/blindmaster24/MgkeTimetableBot/internal/parser/v2/group.go:366.4,367.1 1 0
github.com/blindmaster24/MgkeTimetableBot/internal/parser/v2/group.go:368.3,369.19 2 0
github.com/blindmaster24/MgkeTimetableBot/internal/parser/v2/group.go:374.2,375.31 2 0
github.com/blindmaster24/MgkeTimetableBot/internal/parser/v2/group.go:376.3,377.1 1 0
github.com/blindmaster24/MgkeTimetableBot/internal/parser/v2/group.go:378.2,378.31 1 0
github.com/blindmaster24/MgkeTimetableBot/internal/parser/v2/group.go:379.3,380.1 1 0
github.com/blindmaster24/MgkeTimetableBot/internal/parser/v2/group.go:381.3,382.1 1 0
github.com/blindmaster24/MgkeTimetableBot/internal/parser/v2/group.go:386.2,386.66 1 0
github.com/blindmaster24/MgkeTimetableBot/internal/parser/v2/group.go:387.3,388.1 1 0
github.com/blindmaster24/MgkeTimetableBot/internal/parser/v2/group.go:389.2,390.26 2 0
github.com/blindmaster24/MgkeTimetableBot/internal/parser/v2/group.go:391.3,392.1 1 0
github.com/blindmaster24/MgkeTimetableBot/internal/parser/v2/group.go:393.2,393.18 1 0
github.com/blindmaster24/MgkeTimetableBot/internal/parser/v2/group.go:397.2,397.40 1 0
github.com/blindmaster24/MgkeTimetableBot/internal/parser/v2/group.go:398.3,399.20 2 0
github.com/blindmaster24/MgkeTimetableBot/internal/parser/v2/group.go:400.4,400.12 1 0
github.com/blindmaster24/MgkeTimetableBot/internal/parser/v2/group.go:402.3,403.17 2 0
github.com/blindmaster24/MgkeTimetableBot/internal/parser/v2/group.go:404.4,404.45 1 0
github.com/blindmaster24/MgkeTimetableBot/internal/parser/v2/group.go:405.5,406.1 1 0
github.com/blindmaster24/MgkeTimetableBot/internal/parser/v2/group.go:408.3,408.17 1 0
github.com/blindmaster24/MgkeTimetableBot/internal/parser/v2/group.go:409.4,409.12 1 0
github.com/blindmaster24/MgkeTimetableBot/internal/parser/v2/group.go:411.3,412.25 2 0
github.com/blindmaster24/MgkeTimetableBot/internal/parser/v2/group.go:413.4,413.63 1 0
github.com/blindmaster24/MgkeTimetableBot/internal/parser/v2/group.go:414.5,415.10 2 0
github.com/blindmaster24/MgkeTimetableBot/internal/parser/v2/group.go:418.3,418.14 1 0
github.com/blindmaster24/MgkeTimetableBot/internal/parser/v2/group.go:419.4,419.12 1 0
github.com/blindmaster24/MgkeTimetableBot/internal/parser/v2/group.go:421.3,423.45 3 0
github.com/blindmaster24/MgkeTimetableBot/internal/parser/v2/group.go:424.4,425.33 2 0
github.com/blindmaster24/MgkeTimetableBot/internal/parser/v2/group.go:426.5,426.10 1 0
github.com/blindmaster24/MgkeTimetableBot/internal/parser/v2/group.go:428.4,428.17 1 0
github.com/blindmaster24/MgkeTimetableBot/internal/parser/v2/group.go:429.5,429.13 1 0
github.com/blindmaster24/MgkeTimetableBot/internal/parser/v2/group.go:431.4,433.19 3 0
github.com/blindmaster24/MgkeTimetableBot/internal/parser/v2/group.go:434.5,434.44 1 0
github.com/blindmaster24/MgkeTimetableBot/internal/parser/v2/group.go:435.6,436.1 1 0
github.com/blindmaster24/MgkeTimetableBot/internal/parser/v2/group.go:438.4,438.44 1 0
github.com/blindmaster24/MgkeTimetableBot/internal/parser/v2/group.go:439.5,439.13 1 0
github.com/blindmaster24/MgkeTimetableBot/internal/parser/v2/group.go:441.4,442.34 2 0
github.com/blindmaster24/MgkeTimetableBot/internal/parser/v2/group.go:443.5,443.108 1 0
github.com/blindmaster24/MgkeTimetableBot/internal/parser/v2/group.go:444.6,445.11 2 0
github.com/blindmaster24/MgkeTimetableBot/internal/parser/v2/group.go:448.4,448.13 1 0
github.com/blindmaster24/MgkeTimetableBot/internal/parser/v2/group.go:449.5,450.10 2 0
github.com/blindmaster24/MgkeTimetableBot/internal/parser/v2/group.go:453.3,453.22 1 0
github.com/blindmaster24/MgkeTimetableBot/internal/parser/v2/group.go:454.4,455.26 2 0
github.com/blindmaster24/MgkeTimetableBot/internal/parser/v2/group.go:456.5,457.1 1 0
github.com/blindmaster24/MgkeTimetableBot/internal/parser/v2/group.go:458.4,458.33 1 0
github.com/blindmaster24/MgkeTimetableBot/internal/parser/v2/group.go:461.2,461.69 1 0
github.com/blindmaster24/MgkeTimetableBot/internal/parser/v2/group.go:462.3,463.1 1 0
github.com/blindmaster24/MgkeTimetableBot/internal/parser/v2/group.go:467.2,468.25 2 0
github.com/blindmaster24/MgkeTimetableBot/internal/parser/v2/group.go:469.3,470.1 1 0
github.com/blindmaster24/MgkeTimetableBot/internal/parser/v2/group.go:471.2,471.25 1 0
github.com/blindmaster24/MgkeTimetableBot/internal/parser/v2/group.go:472.3,473.1 1 0
github.com/blindmaster24/MgkeTimetableBot/internal/parser/v2/group.go:474.2,475.25 2 0
github.com/blindmaster24/MgkeTimetableBot/internal/parser/v2/group.go:476.3,477.1 1 0
github.com/blindmaster24/MgkeTimetableBot/internal/parser/v2/group.go:478.2,478.15 1 0
github.com/blindmaster24/MgkeTimetableBot/internal/parser/v2/group.go:482.2,482.27 1 0
github.com/blindmaster24/MgkeTimetableBot/internal/parser/v2/group.go:483.3,484.28 2 0
github.com/blindmaster24/MgkeTimetableBot/internal/parser/v2/group.go:485.4,486.48 2 0
github.com/blindmaster24/MgkeTimetableBot/internal/parser/v2/group.go:487.5,488.1 1 0
github.com/blindmaster24/MgkeTimetableBot/internal/parser/v2/group.go:490.3,490.20 1 0
github.com/blindmaster24/MgkeTimetableBot/internal/parser/v2/teacher.go:18.2,19.1 1 0
github.com/blindmaster24/MgkeTimetableBot/internal/parser/v2/teacher.go:22.2,26.1 4 0
github.com/blindmaster24/MgkeTimetableBot/internal/parser/v2/teacher.go:29.2,31.1 3 0
github.com/blindmaster24/MgkeTimetableBot/internal/parser/v2/teacher.go:32.2,32.31 3 0
github.com/blindmaster24/MgkeTimetableBot/internal/parser/v2/teacher.go:33.3,34.18 2 0
github.com/blindmaster24/MgkeTimetableBot/internal/parser/v2/teacher.go:35.4,35.12 1 0
github.com/blindmaster24/MgkeTimetableBot/internal/parser/v2/teacher.go:38.3,39.20 2 0
github.com/blindmaster24/MgkeTimetableBot/internal/parser/v2/teacher.go:40.4,40.12 1 0
github.com/blindmaster24/MgkeTimetableBot/internal/parser/v2/teacher.go:43.3,44.22 2 0
github.com/blindmaster24/MgkeTimetableBot/internal/parser/v2/teacher.go:45.4,47.1 2 0
github.com/blindmaster24/MgkeTimetableBot/internal/parser/v2/teacher.go:48.4,51.1 1 0
github.com/blindmaster24/MgkeTimetableBot/internal/parser/v2/teacher.go:55.2,56.1 2 0
github.com/blindmaster24/MgkeTimetableBot/internal/parser/v2/teacher.go:57.2,57.29 2 0
github.com/blindmaster24/MgkeTimetableBot/internal/parser/v2/teacher.go:58.3,58.25 1 0
github.com/blindmaster24/MgkeTimetableBot/internal/parser/v2/teacher.go:59.4,60.1 1 0
github.com/blindmaster24/MgkeTimetableBot/internal/parser/v2/teacher.go:63.2,63.22 1 0
github.com/blindmaster24/MgkeTimetableBot/internal/parser/v2/teacher.go:72.2,73.19 2 0
github.com/blindmaster24/MgkeTimetableBot/internal/parser/v2/teacher.go:74.3,75.1 1 0
github.com/blindmaster24/MgkeTimetableBot/internal/parser/v2/teacher.go:77.2,79.24 3 0
github.com/blindmaster24/MgkeTimetableBot/internal/parser/v2/teacher.go:80.3,81.1 1 0
github.com/blindmaster24/MgkeTimetableBot/internal/parser/v2/teacher.go:82.2,83.21 2 0
github.com/blindmaster24/MgkeTimetableBot/internal/parser/v2/teacher.go:84.3,85.1 1 0
github.com/blindmaster24/MgkeTimetableBot/internal/parser/v2/teacher.go:87.2,88.27 2 0
github.com/blindmaster24/MgkeTimetableBot/internal/parser/v2/teacher.go:89.3,90.1 1 0
github.com/blindmaster24/MgkeTimetableBot/internal/parser/v2/teacher.go:92.2,92.73 1 0
github.com/blindmaster24/MgkeTimetableBot/internal/parser/v2/teacher.go:93.3,94.34 2 0
github.com/blindmaster24/MgkeTimetableBot/internal/parser/v2/teacher.go:95.4,95.12 1 0
github.com/blindmaster24/MgkeTimetableBot/internal/parser/v2/teacher.go:98.3,99.54 2 0
github.com/blindmaster24/MgkeTimetableBot/internal/parser/v2/teacher.go:100.4,100.12 1 0
github.com/blindmaster24/MgkeTimetableBot/internal/parser/v2/teacher.go:103.3,104.24 2 0
github.com/blindmaster24/MgkeTimetableBot/internal/parser/v2/teacher.go:105.4,105.12 1 0
github.com/blindmaster24/MgkeTimetableBot/internal/parser/v2/teacher.go:108.3,108.28 1 0
github.com/blindmaster24/MgkeTimetableBot/internal/parser/v2/teacher.go:109.4,111.18 3 0
github.com/blindmaster24/MgkeTimetableBot/internal/parser/v2/teacher.go:112.5,113.1 1 0
github.com/blindmaster24/MgkeTimetableBot/internal/parser/v2/teacher.go:115.4,116.55 2 0
github.com/blindmaster24/MgkeTimetableBot/internal/parser/v2/teacher.go:120.2,123.1 1 0
github.com/blindmaster24/MgkeTimetableBot/internal/parser/v2/teacher.go:127.2,128.65 2 0
github.com/blindmaster24/MgkeTimetableBot/internal/parser/v2/teacher.go:129.3,131.14 3 0
github.com/blindmaster24/MgkeTimetableBot/internal/parser/v2/teacher.go:132.4,133.1 1 0
github.com/blindmaster24/MgkeTimetableBot/internal/parser/v2/teacher.go:134.3,135.22 2 0
github.com/blindmaster24/MgkeTimetableBot/internal/parser/v2/teacher.go:136.4,137.1 1 0
github.com/blindmaster24/MgkeTimetableBot/internal/parser/v2/teacher.go:138.3,138.33 1 0
github.com/blindmaster24/MgkeTimetableBot/internal/parser/v2/teacher.go:140.2,140.15 1 0
github.com/blindmaster24/MgkeTimetableBot/internal/parser/v2/teacher.go:144.2,146.38 3 0
github.com/blindmaster24/MgkeTimetableBot/internal/parser/v2/teacher.go:147.3,148.63 2 0
github.com/blindmaster24/MgkeTimetableBot/internal/parser/v2/teacher.go:149.4,150.70 2 0
github.com/blindmaster24/MgkeTimetableBot/internal/parser/v2/teacher.go:151.5,152.1 1 0
github.com/blindmaster24/MgkeTimetableBot/internal/parser/v2/teacher.go:154.3,154.21 1 0
github.com/blindmaster24/MgkeTimetableBot/internal/parser/v2/teacher.go:155.4,155.9 1 0
github.com/blindmaster24/MgkeTimetableBot/internal/parser/v2/teacher.go:157.3,158.10 2 0
github.com/blindmaster24/MgkeTimetableBot/internal/parser/v2/teacher.go:160.2,160.11 1 0
github.com/blindmaster24/MgkeTimetableBot/internal/parser/v2/teacher.go:164.2,165.90 2 0
github.com/blindmaster24/MgkeTimetableBot/internal/parser/v2/teacher.go:166.3,167.1 1 0
github.com/blindmaster24/MgkeTimetableBot/internal/parser/v2/teacher.go:168.2,169.20 2 0
github.com/blindmaster24/MgkeTimetableBot/internal/parser/v2/teacher.go:170.3,171.1 1 0
github.com/blindmaster24/MgkeTimetableBot/internal/parser/v2/teacher.go:172.2,172.36 1 0
github.com/blindmaster24/MgkeTimetableBot/internal/parser/v2/teacher.go:176.2,177.21 2 0
github.com/blindmaster24/MgkeTimetableBot/internal/parser/v2/teacher.go:178.3,179.1 1 0
github.com/blindmaster24/MgkeTimetableBot/internal/parser/v2/teacher.go:181.2,182.23 2 0
github.com/blindmaster24/MgkeTimetableBot/internal/parser/v2/teacher.go:183.3,184.1 1 0
github.com/blindmaster24/MgkeTimetableBot/internal/parser/v2/teacher.go:186.2,188.1 3 0
github.com/blindmaster24/MgkeTimetableBot/internal/parser/v2/teacher.go:189.2,189.19 3 0
github.com/blindmaster24/MgkeTimetableBot/internal/parser/v2/teacher.go:193.2,196.1 4 0
github.com/blindmaster24/MgkeTimetableBot/internal/parser/v2/teacher.go:197.2,197.17 4 0
github.com/blindmaster24/MgkeTimetableBot/internal/parser/v2/teacher.go:198.3,198.34 1 0
github.com/blindmaster24/MgkeTimetableBot/internal/parser/v2/teacher.go:199.4,204.1 5 0
github.com/blindmaster24/MgkeTimetableBot/internal/parser/v2/teacher.go:205.3,208.1 2 0
github.com/blindmaster24/MgkeTimetableBot/internal/parser/v2/teacher.go:209.3,209.22 2 0
github.com/blindmaster24/MgkeTimetableBot/internal/parser/v2/teacher.go:210.4,211.1 1 0
github.com/blindmaster24/MgkeTimetableBot/internal/parser/v2/teacher.go:212.3,212.16 1 0
github.com/blindmaster24/MgkeTimetableBot/internal/parser/v2/teacher.go:213.4,214.1 1 0
github.com/blindmaster24/MgkeTimetableBot/internal/parser/v2/teacher.go:215.3,219.11 5 0
github.com/blindmaster24/MgkeTimetableBot/internal/parser/v2/teacher.go:222.2,222.28 1 0
github.com/blindmaster24/MgkeTimetableBot/internal/parser/v2/teacher.go:223.3,223.51 1 0
github.com/blindmaster24/MgkeTimetableBot/internal/parser/v2/teacher.go:224.4,226.12 3 0
github.com/blindmaster24/MgkeTimetableBot/internal/parser/v2/teacher.go:228.3,228.56 1 0
github.com/blindmaster24/MgkeTimetableBot/internal/parser/v2/teacher.go:229.4,230.12 2 0
github.com/blindmaster24/MgkeTimetableBot/internal/parser/v2/teacher.go:232.3,232.34 1 0
github.com/blindmaster24/MgkeTimetableBot/internal/parser/v2/teacher.go:233.4,233.55 1 0
github.com/blindmaster24/MgkeTimetableBot/internal/parser/v2/teacher.go:234.5,237.1 3 0
github.com/blindmaster24/MgkeTimetableBot/internal/parser/v2/teacher.go:238.4,238.12 1 0
github.com/blindmaster24/MgkeTimetableBot/internal/parser/v2/teacher.go:240.3,241.54 2 0
github.com/blindmaster24/MgkeTimetableBot/internal/parser/v2/teacher.go:242.4,245.1 3 0
github.com/blindmaster24/MgkeTimetableBot/internal/parser/v2/teacher.go:247.2,248.16 2 0
github.com/blindmaster24/MgkeTimetableBot/internal/parser/v2/teacher.go:254.2,255.18 2 0
github.com/blindmaster24/MgkeTimetableBot/internal/parser/v2/teacher.go:256.3,257.1 1 0
github.com/blindmaster24/MgkeTimetableBot/internal/parser/v2/teacher.go:259.2,260.20 2 0
github.com/blindmaster24/MgkeTimetableBot/internal/parser/v2/teacher.go:261.3,264.1 3 0
github.com/blindmaster24/MgkeTimetableBot/internal/parser/v2/teacher.go:266.2,268.1 3 0
github.com/blindmaster24/MgkeTimetableBot/internal/parser/v2/teacher.go:269.2,269.21 3 0
github.com/blindmaster24/MgkeTimetableBot/internal/parser/v2/teacher.go:270.3,271.1 1 0
github.com/blindmaster24/MgkeTimetableBot/internal/parser/v2/teacher.go:273.2,276.20 4 0
github.com/blindmaster24/MgkeTimetableBot/internal/parser/v2/teacher.go:277.3,279.1 2 0
github.com/blindmaster24/MgkeTimetableBot/internal/parser/v2/teacher.go:281.2,286.1 1 0
github.com/blindmaster24/MgkeTimetableBot/internal/parser/v2/teacher.go:298.2,299.22 2 0
github.com/blindmaster24/MgkeTimetableBot/internal/parser/v2/teacher.go:300.3,301.1 1 0
github.com/blindmaster24/MgkeTimetableBot/internal/parser/v2/teacher.go:302.2,303.20 2 0
github.com/blindmaster24/MgkeTimetableBot/internal/parser/v2/teacher.go:304.3,305.1 1 0
github.com/blindmaster24/MgkeTimetableBot/internal/parser/v2/teacher.go:306.2,311.1 2 0
github.com/blindmaster24/MgkeTimetableBot/internal/parser/v2/teacher.go:320.2,323.18 4 0
github.com/blindmaster24/MgkeTimetableBot/internal/parser/v2/teacher.go:324.3,325.1 1 0
github.com/blindmaster24/MgkeTimetableBot/internal/parser/v2/teacher.go:326.2,327.20 2 0
github.com/blindmaster24/MgkeTimetableBot/internal/parser/v2/teacher.go:328.3,331.1 3 0
github.com/blindmaster24/MgkeTimetableBot/internal/parser/v2/teacher.go:332.2,332.74 1 0
github.com/blindmaster24/MgkeTimetableBot/internal/parser/v2/teacher.go:336.2,336.23 1 0
github.com/blindmaster24/MgkeTimetableBot/internal/parser/v2/teacher.go:337.3,338.1 1 0
github.com/blindmaster24/MgkeTimetableBot/internal/parser/v2/teacher.go:339.2,341.26 3 0
github.com/blindmaster24/MgkeTimetableBot/internal/parser/v2/teacher.go:342.3,343.1 1 0
github.com/blindmaster24/MgkeTimetableBot/internal/parser/v2/teacher.go:344.2,345.31 2 0
github.com/blindmaster24/MgkeTimetableBot/internal/parser/v2/teacher.go:346.3,346.26 1 0
github.com/blindmaster24/MgkeTimetableBot/internal/parser/v2/teacher.go:347.4,348.9 2 0
github.com/blindmaster24/MgkeTimetableBot/internal/parser/v2/teacher.go:351.2,351.13 1 0
github.com/blindmaster24/MgkeTimetableBot/internal/parser/v2/teacher.go:352.3,353.1 1 0
github.com/blindmaster24/MgkeTimetableBot/internal/parser/v2/teacher.go:354.2,354.26 1 0
github.com/blindmaster24/MgkeTimetableBot/internal/parser/v2/teacher.go:355.3,356.29 2 0
github.com/blindmaster24/MgkeTimetableBot/internal/parser/v2/teacher.go:357.4,358.1 1 0
github.com/blindmaster24/MgkeTimetableBot/internal/parser/v2/teacher.go:359.3,359.9 1 0
github.com/blindmaster24/MgkeTimetableBot/internal/parser/v2/teacher.go:361.2,361.28 1 0
github.com/blindmaster24/MgkeTimetableBot/internal/parser/v2/teacher.go:362.3,363.29 2 0
github.com/blindmaster24/MgkeTimetableBot/internal/parser/v2/teacher.go:364.4,365.1 1 0
github.com/blindmaster24/MgkeTimetableBot/internal/parser/v2/teacher.go:366.3,367.19 2 0
github.com/blindmaster24/MgkeTimetableBot/internal/parser/v2/teacher.go:372.2,373.31 2 0
github.com/blindmaster24/MgkeTimetableBot/internal/parser/v2/teacher.go:374.3,375.1 1 0
github.com/blindmaster24/MgkeTimetableBot/internal/parser/v2/teacher.go:376.2,376.31 1 0
github.com/blindmaster24/MgkeTimetableBot/internal/parser/v2/teacher.go:377.3,378.1 1 0
github.com/blindmaster24/MgkeTimetableBot/internal/parser/v2/teacher.go:379.3,380.1 1 0
github.com/blindmaster24/MgkeTimetableBot/internal/parser/v2/teacher.go:384.2,384.40 1 0
github.com/blindmaster24/MgkeTimetableBot/internal/parser/v2/teacher.go:385.3,386.20 2 0
github.com/blindmaster24/MgkeTimetableBot/internal/parser/v2/teacher.go:387.4,387.12 1 0
github.com/blindmaster24/MgkeTimetableBot/internal/parser/v2/teacher.go:389.3,389.77 1 0
github.com/blindmaster24/MgkeTimetableBot/internal/parser/v2/teacher.go:390.4,390.12 1 0
github.com/blindmaster24/MgkeTimetableBot/internal/parser/v2/teacher.go:392.3,393.45 2 0
github.com/blindmaster24/MgkeTimetableBot/internal/parser/v2/teacher.go:394.4,395.17 2 0
github.com/blindmaster24/MgkeTimetableBot/internal/parser/v2/teacher.go:396.5,396.13 1 0
github.com/blindmaster24/MgkeTimetableBot/internal/parser/v2/teacher.go:398.4,398.122 1 0
github.com/blindmaster24/MgkeTimetableBot/internal/parser/v2/teacher.go:399.5,400.10 2 0
github.com/blindmaster24/MgkeTimetableBot/internal/parser/v2/teacher.go:403.3,403.22 1 0
github.com/blindmaster24/MgkeTimetableBot/internal/parser/v2/teacher.go:404.4,407.1 3 0
github.com/blindmaster24/MgkeTimetableBot/internal/parser/v2/teacher.go:409.2,409.69 1 0
github.com/blindmaster24/MgkeTimetableBot/internal/parser/v2/teacher.go:410.3,411.1 1 0
github.com/blindmaster24/MgkeTimetableBot/internal/parser/v2/teacher.go:415.2,416.25 2 0
github.com/blindmaster24/MgkeTimetableBot/internal/parser/v2/teacher.go:417.3,418.1 1 0
github.com/blindmaster24/MgkeTimetableBot/internal/parser/v2/teacher.go:419.2,419.25 1 0
github.com/blindmaster24/MgkeTimetableBot/internal/parser/v2/teacher.go:420.3,421.1 1 0
github.com/blindmaster24/MgkeTimetableBot/internal/parser/v2/teacher.go:422.2,423.25 2 0
github.com/blindmaster24/MgkeTimetableBot/internal/parser/v2/teacher.go:424.3,425.1 1 0
github.com/blindmaster24/MgkeTimetableBot/internal/parser/v2/teacher.go:426.2,426.15 1 0
github.com/blindmaster24/MgkeTimetableBot/internal/parser/v2/teacher.go:430.2,430.29 1 0
github.com/blindmaster24/MgkeTimetableBot/internal/parser/v2/teacher.go:431.3,432.28 2 0
github.com/blindmaster24/MgkeTimetableBot/internal/parser/v2/teacher.go:433.4,434.53 2 0
github.com/blindmaster24/MgkeTimetableBot/internal/parser/v2/teacher.go:435.5,436.1 1 0
github.com/blindmaster24/MgkeTimetableBot/internal/parser/v2/teacher.go:438.3,438.20 1 0
github.com/blindmaster24/MgkeTimetableBot/internal/parser/v2/text.go:20.2,20.16 1 0
github.com/blindmaster24/MgkeTimetableBot/internal/parser/v2/text.go:21.3,22.1 1 0
github.com/blindmaster24/MgkeTimetableBot/internal/parser/v2/text.go:23.2,25.26 3 0
github.com/blindmaster24/MgkeTimetableBot/internal/parser/v2/text.go:26.3,27.1 1 0
github.com/blindmaster24/MgkeTimetableBot/internal/parser/v2/text.go:28.2,28.19 1 0
github.com/blindmaster24/MgkeTimetableBot/internal/parser/v2/text.go:32.2,33.20 2 0
github.com/blindmaster24/MgkeTimetableBot/internal/parser/v2/text.go:34.3,35.1 1 0
github.com/blindmaster24/MgkeTimetableBot/internal/parser/v2/text.go:36.2,39.23 4 0
github.com/blindmaster24/MgkeTimetableBot/internal/parser/v2/text.go:40.3,41.1 1 0
github.com/blindmaster24/MgkeTimetableBot/internal/parser/v2/text.go:42.2,43.41 2 0
github.com/blindmaster24/MgkeTimetableBot/internal/parser/v2/text.go:44.3,45.1 1 0
github.com/blindmaster24/MgkeTimetableBot/internal/parser/v2/text.go:46.2,47.31 2 0
github.com/blindmaster24/MgkeTimetableBot/internal/parser/v2/text.go:51.2,52.16 2 0
github.com/blindmaster24/MgkeTimetableBot/internal/parser/v2/text.go:53.3,54.1 1 0
github.com/blindmaster24/MgkeTimetableBot/internal/parser/v2/text.go:55.2,56.21 2 0
github.com/blindmaster24/MgkeTimetableBot/internal/parser/v2/text.go:57.3,58.1 1 0
github.com/blindmaster24/MgkeTimetableBot/internal/parser/v2/text.go:59.2,60.22 2 0
github.com/blindmaster24/MgkeTimetableBot/internal/parser/v2/text.go:61.3,62.1 1 0
github.com/blindmaster24/MgkeTimetableBot/internal/parser/v2/text.go:63.2,64.32 2 0
github.com/blindmaster24/MgkeTimetableBot/internal/parser/v2/text.go:65.3,65.36 1 0
github.com/blindmaster24/MgkeTimetableBot/internal/parser/v2/text.go:66.4,67.9 2 0
github.com/blindmaster24/MgkeTimetableBot/internal/parser/v2/text.go:70.2,70.28 1 0
github.com/blindmaster24/MgkeTimetableBot/internal/parser/v2/text.go:74.2,74.13 1 0
github.com/blindmaster24/MgkeTimetableBot/internal/parser/v2/text.go:75.3,76.1 1 0
github.com/blindmaster24/MgkeTimetableBot/internal/parser/v2/text.go:77.2,78.70 2 0
github.com/blindmaster24/MgkeTimetableBot/internal/parser/v2/text.go:82.2,82.39 1 0
github.com/blindmaster24/MgkeTimetableBot/internal/parser/v2/text.go:83.3,84.1 1 0
github.com/blindmaster24/MgkeTimetableBot/internal/parser/v2/text.go:86.2,88.1 3 0
github.com/blindmaster24/MgkeTimetableBot/internal/parser/v2/text.go:89.2,89.18 3 0
github.com/blindmaster24/MgkeTimetableBot/internal/parser/v2/text.go:90.3,91.23 2 0
github.com/blindmaster24/MgkeTimetableBot/internal/parser/v2/text.go:92.4,93.1 1 0
github.com/blindmaster24/MgkeTimetableBot/internal/parser/v2/text.go:94.3,94.17 1 0
github.com/blindmaster24/MgkeTimetableBot/internal/parser/v2/text.go:97.2,97.57 1 0
github.com/blindmaster24/MgkeTimetableBot/internal/parser/v2/text.go:98.3,98.34 1 0
github.com/blindmaster24/MgkeTimetableBot/internal/parser/v2/text.go:99.4,101.1 2 0
github.com/blindmaster24/MgkeTimetableBot/internal/parser/v2/text.go:102.3,103.27 2 0
github.com/blindmaster24/MgkeTimetableBot/internal/parser/v2/text.go:105.2,106.1 2 0
github.com/blindmaster24/MgkeTimetableBot/internal/parser/v2/text.go:107.2,107.14 2 0
github.com/blindmaster24/MgkeTimetableBot/internal/parser/v2/text.go:111.2,112.16 2 0
github.com/blindmaster24/MgkeTimetableBot/internal/parser/v2/text.go:113.3,114.1 1 0
github.com/blindmaster24/MgkeTimetableBot/internal/parser/v2/text.go:115.2,117.17 3 0
github.com/blindmaster24/MgkeTimetableBot/internal/parser/v2/text.go:118.3,119.1 1 0
github.com/blindmaster24/MgkeTimetableBot/internal/parser/v2/text.go:120.2,121.12 2 0
github.com/blindmaster24/MgkeTimetableBot/internal/parser/v2/text.go:125.2,126.16 2 0
github.com/blindmaster24/MgkeTimetableBot/internal/parser/v2/text.go:127.3,128.1 1 0
github.com/blindmaster24/MgkeTimetableBot/internal/parser/v2/text.go:129.2,130.29 2 0
github.com/blindmaster24/MgkeTimetableBot/internal/parser/v2/validate.go:17.2,18.27 2 0
github.com/blindmaster24/MgkeTimetableBot/internal/parser/v2/validate.go:19.3,20.1 1 0
github.com/blindmaster24/MgkeTimetableBot/internal/parser/v2/validate.go:22.2,22.23 1 0
github.com/blindmaster24/MgkeTimetableBot/internal/parser/v2/validate.go:23.3,24.1 1 0
github.com/blindmaster24/MgkeTimetableBot/internal/parser/v2/validate.go:26.2,29.1 4 0
github.com/blindmaster24/MgkeTimetableBot/internal/parser/v2/validate.go:30.2,30.32 4 0
github.com/blindmaster24/MgkeTimetableBot/internal/parser/v2/validate.go:31.3,32.27 2 0
github.com/blindmaster24/MgkeTimetableBot/internal/parser/v2/validate.go:33.4,34.1 1 0
github.com/blindmaster24/MgkeTimetableBot/internal/parser/v2/validate.go:35.3,35.18 1 0
github.com/blindmaster24/MgkeTimetableBot/internal/parser/v2/validate.go:36.4,36.33 1 0
github.com/blindmaster24/MgkeTimetableBot/internal/parser/v2/validate.go:37.5,37.27 1 0
github.com/blindmaster24/MgkeTimetableBot/internal/parser/v2/validate.go:38.6,39.11 2 0
github.com/blindmaster24/MgkeTimetableBot/internal/parser/v2/validate.go:45.2,45.17 1 0
github.com/blindmaster24/MgkeTimetableBot/internal/parser/v2/validate.go:46.3,47.1 1 0
github.com/blindmaster24/MgkeTimetableBot/internal/parser/v2/validate.go:49.2,49.63 1 0
github.com/blindmaster24/MgkeTimetableBot/internal/parser/v2/validate.go:53.2,54.29 2 0
github.com/blindmaster24/MgkeTimetableBot/internal/parser/v2/validate.go:55.3,56.1 1 0
github.com/blindmaster24/MgkeTimetableBot/internal/parser/v2/validate.go:58.2,58.23 1 0
github.com/blindmaster24/MgkeTimetableBot/internal/parser/v2/validate.go:59.3,60.1 1 0
github.com/blindmaster24/MgkeTimetableBot/internal/parser/v2/validate.go:62.2,65.1 4 0
github.com/blindmaster24/MgkeTimetableBot/internal/parser/v2/validate.go:66.2,66.32 4 0
github.com/blindmaster24/MgkeTimetableBot/internal/parser/v2/validate.go:67.3,68.27 2 0
github.com/blindmaster24/MgkeTimetableBot/internal/parser/v2/validate.go:69.4,70.1 1 0
github.com/blindmaster24/MgkeTimetableBot/internal/parser/v2/validate.go:71.3,71.18 1 0
github.com/blindmaster24/MgkeTimetableBot/internal/parser/v2/validate.go:72.4,72.33 1 0
github.com/blindmaster24/MgkeTimetableBot/internal/parser/v2/validate.go:73.5,73.27 1 0
github.com/blindmaster24/MgkeTimetableBot/internal/parser/v2/validate.go:74.6,75.11 2 0
github.com/blindmaster24/MgkeTimetableBot/internal/parser/v2/validate.go:81.2,81.17 1 0
github.com/blindmaster24/MgkeTimetableBot/internal/parser/v2/validate.go:82.3,83.1 1 0
github.com/blindmaster24/MgkeTimetableBot/internal/parser/v2/validate.go:85.2,85.63 1 0
github.com/blindmaster24/MgkeTimetableBot/internal/parser/v2/validate.go:89.2,89.76 1 0
github.com/blindmaster24/MgkeTimetableBot/internal/parser/v2/validate.go:89.78,89.92 1 0
github.com/blindmaster24/MgkeTimetableBot/internal/parser/v2/validate.go:89.123,89.146 1 0
github.com/blindmaster24/MgkeTimetableBot/internal/parser/v2/validate.go:93.2,93.78 1 0
github.com/blindmaster24/MgkeTimetableBot/internal/parser/v2/validate.go:93.80,93.94 1 0
github.com/blindmaster24/MgkeTimetableBot/internal/parser/v2/validate.go:93.127,93.150 1 0
github.com/blindmaster24/MgkeTimetableBot/internal/parser/v2/validate.go:97.2,97.20 1 0
github.com/blindmaster24/MgkeTimetableBot/internal/parser/v2/validate.go:98.3,99.1 1 0
github.com/blindmaster24/MgkeTimetableBot/internal/parser/v2/validate.go:101.2,103.1 3 0
github.com/blindmaster24/MgkeTimetableBot/internal/parser/v2/validate.go:104.2,104.25 3 0
github.com/blindmaster24/MgkeTimetableBot/internal/parser/v2/validate.go:105.3,106.19 2 0
github.com/blindmaster24/MgkeTimetableBot/internal/parser/v2/validate.go:107.4,108.12 2 0
github.com/blindmaster24/MgkeTimetableBot/internal/parser/v2/validate.go:110.3,110.19 1 0
github.com/blindmaster24/MgkeTimetableBot/internal/parser/v2/validate.go:111.4,112.1 1 0
github.com/blindmaster24/MgkeTimetableBot/internal/parser/v2/validate.go:113.3,114.37 2 0
github.com/blindmaster24/MgkeTimetableBot/internal/parser/v2/validate.go:115.4,116.1 1 0
github.com/blindmaster24/MgkeTimetableBot/internal/parser/v2/validate.go:119.2,119.15 1 0
github.com/blindmaster24/MgkeTimetableBot/internal/parser/v2/validate.go:123.2,123.37 1 0
github.com/blindmaster24/MgkeTimetableBot/internal/parser/v2/validate.go:124.3,125.1 1 0
github.com/blindmaster24/MgkeTimetableBot/internal/parser/v2/validate.go:126.2,127.41 2 0
github.com/blindmaster24/MgkeTimetableBot/internal/parser/v2/validate.go:127.43,127.84 1 0
github.com/blindmaster24/MgkeTimetableBot/internal/parser/v2/validate.go:128.2,128.21 1 0
github.com/blindmaster24/MgkeTimetableBot/internal/parser/v2/validate.go:132.2,132.37 1 0
github.com/blindmaster24/MgkeTimetableBot/internal/parser/v2/validate.go:133.3,134.1 1 0
github.com/blindmaster24/MgkeTimetableBot/internal/parser/v2/validate.go:135.2,136.41 2 0
github.com/blindmaster24/MgkeTimetableBot/internal/parser/v2/validate.go:136.43,136.84 1 0
github.com/blindmaster24/MgkeTimetableBot/internal/parser/v2/validate.go:137.2,137.21 1 0
github.com/blindmaster24/MgkeTimetableBot/internal/google/calendar.go:19.2,20.1 1 0
github.com/blindmaster24/MgkeTimetableBot/internal/google/calendar.go:23.2,28.1 3 0
github.com/blindmaster24/MgkeTimetableBot/internal/google/calendar.go:30.2,32.1 3 0
github.com/blindmaster24/MgkeTimetableBot/internal/google/calendar.go:41.2,45.1 1 0
github.com/blindmaster24/MgkeTimetableBot/internal/google/calendar.go:49.2,50.16 2 0
github.com/blindmaster24/MgkeTimetableBot/internal/google/calendar.go:51.3,52.1 1 0
github.com/blindmaster24/MgkeTimetableBot/internal/google/calendar.go:54.2,55.16 2 0
github.com/blindmaster24/MgkeTimetableBot/internal/google/calendar.go:56.3,57.1 1 0
github.com/blindmaster24/MgkeTimetableBot/internal/google/calendar.go:59.2,59.33 1 0
github.com/blindmaster24/MgkeTimetableBot/internal/google/calendar.go:60.3,63.1 7 0
github.com/blindmaster24/MgkeTimetableBot/internal/google/calendar.go:64.3,65.1 7 0
github.com/blindmaster24/MgkeTimetableBot/internal/google/calendar.go:66.3,77.1 7 0
github.com/blindmaster24/MgkeTimetableBot/internal/google/calendar.go:79.3,80.17 7 0
github.com/blindmaster24/MgkeTimetableBot/internal/google/calendar.go:81.4,82.1 1 0
github.com/blindmaster24/MgkeTimetableBot/internal/google/calendar.go:85.2,85.12 1 0
github.com/blindmaster24/MgkeTimetableBot/internal/google/calendar.go:94.2,95.16 2 0
github.com/blindmaster24/MgkeTimetableBot/internal/google/calendar.go:96.3,97.1 1 0
github.com/blindmaster24/MgkeTimetableBot/internal/google/calendar.go:99.2,100.16 2 0
github.com/blindmaster24/MgkeTimetableBot/internal/google/calendar.go:101.3,102.1 1 0
github.com/blindmaster24/MgkeTimetableBot/internal/google/calendar.go:104.2,104.24 1 0
github.com/blindmaster24/MgkeTimetableBot/internal/telegram/bot.go:52.2,53.16 2 0
github.com/blindmaster24/MgkeTimetableBot/internal/telegram/bot.go:54.3,55.1 1 0
github.com/blindmaster24/MgkeTimetableBot/internal/telegram/bot.go:57.2,64.1 3 0
github.com/blindmaster24/MgkeTimetableBot/internal/telegram/bot.go:66.2,67.15 3 0
github.com/blindmaster24/MgkeTimetableBot/internal/telegram/bot.go:70.44,70.61 1 0
[...]
github.com/blindmaster24/MgkeTimetableBot/internal/telegram/bot.go:207.3,211.1 1 0
github.com/blindmaster24/MgkeTimetableBot/internal/telegram/bot.go:212.2,214.4 1 0
github.com/blindmaster24/MgkeTimetableBot/internal/telegram/bot.go:218.2,223.1 2 0
github.com/blindmaster24/MgkeTimetableBot/internal/telegram/bot.go:226.2,232.1 2 0
github.com/blindmaster24/MgkeTimetableBot/internal/telegram/bot.go:235.2,236.16 2 0
github.com/blindmaster24/MgkeTimetableBot/internal/telegram/bot.go:237.3,238.1 1 0
github.com/blindmaster24/MgkeTimetableBot/internal/telegram/bot.go:239.2,243.1 3 0
github.com/blindmaster24/MgkeTimetableBot/internal/telegram/bot.go:244.2,244.19 3 0
github.com/blindmaster24/MgkeTimetableBot/internal/telegram/bot.go:245.3,246.1 1 0
github.com/blindmaster24/MgkeTimetableBot/internal/telegram/bot.go:247.2,248.12 2 0
github.com/blindmaster24/MgkeTimetableBot/internal/telegram/bot.go:252.2,256.1 1 0
github.com/blindmaster24/MgkeTimetableBot/internal/telegram/bot.go:259.2,263.1 2 0
github.com/blindmaster24/MgkeTimetableBot/internal/telegram/bot.go:264.2,264.15 2 0
github.com/blindmaster24/MgkeTimetableBot/internal/telegram/bot.go:265.3,266.1 1 0
github.com/blindmaster24/MgkeTimetableBot/internal/telegram/bot.go:267.2,268.12 2 0
github.com/blindmaster24/MgkeTimetableBot/internal/telegram/bot.go:272.2,273.16 2 0
github.com/blindmaster24/MgkeTimetableBot/internal/telegram/bot.go:274.3,275.1 1 0
github.com/blindmaster24/MgkeTimetableBot/internal/telegram/bot.go:276.2,277.32 2 0
github.com/blindmaster24/MgkeTimetableBot/internal/telegram/bot.go:278.3,278.20 1 0
github.com/blindmaster24/MgkeTimetableBot/internal/telegram/bot.go:279.4,279.12 1 0
github.com/blindmaster24/MgkeTimetableBot/internal/telegram/bot.go:281.3,282.17 2 0
github.com/blindmaster24/MgkeTimetableBot/internal/telegram/bot.go:283.4,283.12 1 0
github.com/blindmaster24/MgkeTimetableBot/internal/telegram/bot.go:285.3,285.39 1 0
github.com/blindmaster24/MgkeTimetableBot/internal/telegram/bot.go:286.4,287.1 1 0
github.com/blindmaster24/MgkeTimetableBot/internal/telegram/bot.go:292.2,294.33 3 0
github.com/blindmaster24/MgkeTimetableBot/internal/telegram/bot.go:295.3,297.43 3 0
github.com/blindmaster24/MgkeTimetableBot/internal/telegram/bot.go:298.4,299.37 2 0
github.com/blindmaster24/MgkeTimetableBot/internal/telegram/bot.go:300.5,301.1 1 0
github.com/blindmaster24/MgkeTimetableBot/internal/telegram/bot.go:304.2,304.33 1 0
github.com/blindmaster24/MgkeTimetableBot/internal/telegram/bot.go:305.3,305.19 1 0
github.com/blindmaster24/MgkeTimetableBot/internal/telegram/bot.go:306.4,307.1 1 0
github.com/blindmaster24/MgkeTimetableBot/internal/telegram/bot.go:308.3,310.43 3 0
github.com/blindmaster24/MgkeTimetableBot/internal/telegram/bot.go:311.4,312.37 2 0
github.com/blindmaster24/MgkeTimetableBot/internal/telegram/bot.go:313.5,314.1 1 0
github.com/blindmaster24/MgkeTimetableBot/internal/telegram/bot.go:317.2,317.19 1 0
github.com/blindmaster24/MgkeTimetableBot/internal/telegram/bot.go:318.3,319.1 1 0
github.com/blindmaster24/MgkeTimetableBot/internal/telegram/bot.go:320.2,320.20 1 0
github.com/blindmaster24/MgkeTimetableBot/internal/telegram/callbacks.go:7.42,7.56 1 0
github.com/blindmaster24/MgkeTimetableBot/internal/telegram/callbacks.go:9.2,10.1 1 0
github.com/blindmaster24/MgkeTimetableBot/internal/telegram/callbacks.go:14.38,14.54 1 0
github.com/blindmaster24/MgkeTimetableBot/internal/telegram/callbacks.go:16.2,17.1 1 0
github.com/blindmaster24/MgkeTimetableBot/internal/telegram/callbacks.go:21.38,21.54 1 0
github.com/blindmaster24/MgkeTimetableBot/internal/telegram/callbacks.go:23.2,24.1 1 0
github.com/blindmaster24/MgkeTimetableBot/internal/telegram/callbacks.go:28.39,28.56 1 0
github.com/blindmaster24/MgkeTimetableBot/internal/telegram/callbacks.go:30.2,31.1 1 0
github.com/blindmaster24/MgkeTimetableBot/internal/telegram/callbacks.go:35.38,35.54 1 0
github.com/blindmaster24/MgkeTimetableBot/internal/telegram/callbacks.go:37.2,38.1 1 0
github.com/blindmaster24/MgkeTimetableBot/internal/telegram/callbacks.go:42.36,42.51 1 0
github.com/blindmaster24/MgkeTimetableBot/internal/telegram/callbacks.go:44.2,45.1 1 0
github.com/blindmaster24/MgkeTimetableBot/internal/telegram/callbacks.go:49.37,49.53 1 0
github.com/blindmaster24/MgkeTimetableBot/internal/telegram/callbacks.go:51.2,52.1 1 0
github.com/blindmaster24/MgkeTimetableBot/internal/telegram/callbacks.go:56.38,56.54 1 0
github.com/blindmaster24/MgkeTimetableBot/internal/telegram/callbacks.go:58.2,59.1 1 0
github.com/blindmaster24/MgkeTimetableBot/internal/telegram/callbacks.go:63.38,63.54 1 0
github.com/blindmaster24/MgkeTimetableBot/internal/telegram/callbacks.go:65.2,66.1 1 0
github.com/blindmaster24/MgkeTimetableBot/internal/telegram/callbacks.go:70.40,70.58 1 0
github.com/blindmaster24/MgkeTimetableBot/internal/telegram/callbacks.go:72.2,73.1 1 0
github.com/blindmaster24/MgkeTimetableBot/internal/telegram/callbacks.go:77.41,77.60 1 0
github.com/blindmaster24/MgkeTimetableBot/internal/telegram/callbacks.go:79.2,80.1 1 0
github.com/blindmaster24/MgkeTimetableBot/internal/telegram/callbacks.go:84.36,84.50 1 0
github.com/blindmaster24/MgkeTimetableBot/internal/telegram/callbacks.go:86.2,87.1 1 0
github.com/blindmaster24/MgkeTimetableBot/internal/telegram/commands.go:11.2,12.1 1 0
github.com/blindmaster24/MgkeTimetableBot/internal/telegram/commands.go:16.43,16.60 1 0
github.com/blindmaster24/MgkeTimetableBot/internal/telegram/commands.go:17.43,17.74 1 0
github.com/blindmaster24/MgkeTimetableBot/internal/telegram/commands.go:19.2,20.1 1 0
github.com/blindmaster24/MgkeTimetableBot/internal/telegram/commands.go:24.42,24.58 1 0
github.com/blindmaster24/MgkeTimetableBot/internal/telegram/commands.go:25.42,25.72 1 0
github.com/blindmaster24/MgkeTimetableBot/internal/telegram/commands.go:27.2,28.37 2 0
github.com/blindmaster24/MgkeTimetableBot/internal/telegram/commands.go:29.3,30.1 1 0
github.com/blindmaster24/MgkeTimetableBot/internal/telegram/commands.go:31.2,31.39 1 0
github.com/blindmaster24/MgkeTimetableBot/internal/telegram/commands.go:36.44,36.62 1 0
github.com/blindmaster24/MgkeTimetableBot/internal/telegram/commands.go:37.44,37.76 1 0
github.com/blindmaster24/MgkeTimetableBot/internal/telegram/commands.go:39.2,40.1 1 0
github.com/blindmaster24/MgkeTimetableBot/internal/telegram/commands.go:42.2,43.1 1 0
github.com/blindmaster24/MgkeTimetableBot/internal/telegram/commands.go:47.43,47.60 1 0
github.com/blindmaster24/MgkeTimetableBot/internal/telegram/commands.go:48.43,48.74 1 0
github.com/blindmaster24/MgkeTimetableBot/internal/telegram/commands.go:50.2,51.1 1 0
github.com/blindmaster24/MgkeTimetableBot/internal/telegram/commands.go:53.2,64.1 2 0
github.com/blindmaster24/MgkeTimetableBot/internal/telegram/commands.go:65.2,66.1 2 0
github.com/blindmaster24/MgkeTimetableBot/internal/telegram/commands.go:70.41,70.56 1 0
github.com/blindmaster24/MgkeTimetableBot/internal/telegram/commands.go:71.41,71.70 1 0
github.com/blindmaster24/MgkeTimetableBot/internal/telegram/commands.go:73.2,74.1 1 0
github.com/blindmaster24/MgkeTimetableBot/internal/telegram/commands.go:76.2,77.1 1 0
github.com/blindmaster24/MgkeTimetableBot/internal/telegram/commands.go:81.42,81.58 1 0
github.com/blindmaster24/MgkeTimetableBot/internal/telegram/commands.go:82.42,82.72 1 0
github.com/blindmaster24/MgkeTimetableBot/internal/telegram/commands.go:84.2,85.1 1 0
github.com/blindmaster24/MgkeTimetableBot/internal/telegram/commands.go:87.2,88.1 1 0
github.com/blindmaster24/MgkeTimetableBot/internal/telegram/commands.go:92.43,92.60 1 0
github.com/blindmaster24/MgkeTimetableBot/internal/telegram/commands.go:93.43,93.74 1 0
github.com/blindmaster24/MgkeTimetableBot/internal/telegram/commands.go:95.2,96.1 1 0
github.com/blindmaster24/MgkeTimetableBot/internal/telegram/commands.go:98.2,99.1 1 0
github.com/blindmaster24/MgkeTimetableBot/internal/telegram/commands.go:103.43,103.60 1 0
github.com/blindmaster24/MgkeTimetableBot/internal/telegram/commands.go:104.43,104.74 1 0
github.com/blindmaster24/MgkeTimetableBot/internal/telegram/commands.go:106.2,107.1 1 0
github.com/blindmaster24/MgkeTimetableBot/internal/telegram/commands.go:109.2,110.1 1 0
github.com/blindmaster24/MgkeTimetableBot/internal/telegram/commands.go:114.43,114.60 1 0
github.com/blindmaster24/MgkeTimetableBot/internal/telegram/commands.go:115.43,115.74 1 0
github.com/blindmaster24/MgkeTimetableBot/internal/telegram/commands.go:117.2,118.1 1 0
github.com/blindmaster24/MgkeTimetableBot/internal/telegram/commands.go:120.2,121.1 1 0
github.com/blindmaster24/MgkeTimetableBot/internal/telegram/commands.go:125.45,125.64 1 0
github.com/blindmaster24/MgkeTimetableBot/internal/telegram/commands.go:126.45,126.78 1 0
github.com/blindmaster24/MgkeTimetableBot/internal/telegram/commands.go:128.2,129.1 1 0
github.com/blindmaster24/MgkeTimetableBot/internal/telegram/commands.go:131.2,132.1 1 0
github.com/blindmaster24/MgkeTimetableBot/internal/telegram/commands.go:136.46,136.66 1 0
github.com/blindmaster24/MgkeTimetableBot/internal/telegram/commands.go:137.46,137.80 1 0
github.com/blindmaster24/MgkeTimetableBot/internal/telegram/commands.go:139.2,140.1 1 0
github.com/blindmaster24/MgkeTimetableBot/internal/telegram/commands.go:142.2,143.1 1 0
github.com/blindmaster24/MgkeTimetableBot/internal/telegram/commands.go:147.43,147.60 1 0
github.com/blindmaster24/MgkeTimetableBot/internal/telegram/commands.go:148.43,148.74 1 0
github.com/blindmaster24/MgkeTimetableBot/internal/telegram/commands.go:150.2,151.1 1 0
github.com/blindmaster24/MgkeTimetableBot/internal/telegram/commands.go:153.2,154.1 1 0
github.com/blindmaster24/MgkeTimetableBot/internal/telegram/keyboards.go:6.2,6.31 1 0
github.com/blindmaster24/MgkeTimetableBot/internal/telegram/keyboards.go:6.33,6.61 1 0
github.com/blindmaster24/MgkeTimetableBot/internal/telegram/keyboards.go:7.2,31.1 1 0
github.com/blindmaster24/MgkeTimetableBot/internal/telegram/keyboards.go:35.2,35.31 1 0
github.com/blindmaster24/MgkeTimetableBot/internal/telegram/keyboards.go:35.33,35.61 1 0
github.com/blindmaster24/MgkeTimetableBot/internal/telegram/keyboards.go:36.2,45.1 1 0
github.com/blindmaster24/MgkeTimetableBot/internal/telegram/keyboards.go:49.2,49.31 1 0
github.com/blindmaster24/MgkeTimetableBot/internal/telegram/keyboards.go:49.33,49.61 1 0
github.com/blindmaster24/MgkeTimetableBot/internal/telegram/keyboards.go:50.2,56.1 1 0
github.com/blindmaster24/MgkeTimetableBot/internal/archive/repository.go:28.2,29.16 2 0
github.com/blindmaster24/MgkeTimetableBot/internal/archive/repository.go:30.3,31.1 1 0
github.com/blindmaster24/MgkeTimetableBot/internal/archive/repository.go:33.2,34.1 2 0
github.com/blindmaster24/MgkeTimetableBot/internal/archive/repository.go:35.2,35.62 2 0
github.com/blindmaster24/MgkeTimetableBot/internal/archive/repository.go:36.3,37.1 1 0
github.com/blindmaster24/MgkeTimetableBot/internal/archive/repository.go:39.2,39.33 1 0
github.com/blindmaster24/MgkeTimetableBot/internal/archive/repository.go:43.2,44.1 1 0
github.com/blindmaster24/MgkeTimetableBot/internal/archive/repository.go:47.2,48.1 1 0
github.com/blindmaster24/MgkeTimetableBot/internal/archive/repository.go:51.2,54.1 3 0
github.com/blindmaster24/MgkeTimetableBot/internal/archive/repository.go:57.2,58.16 2 0
github.com/blindmaster24/MgkeTimetableBot/internal/archive/repository.go:59.3,60.1 1 0
github.com/blindmaster24/MgkeTimetableBot/internal/archive/repository.go:61.2,62.1 3 0
github.com/blindmaster24/MgkeTimetableBot/internal/archive/repository.go:63.2,64.18 3 0
github.com/blindmaster24/MgkeTimetableBot/internal/archive/repository.go:65.3,66.39 2 0
github.com/blindmaster24/MgkeTimetableBot/internal/archive/repository.go:67.4,68.1 1 0
github.com/blindmaster24/MgkeTimetableBot/internal/archive/repository.go:69.3,69.29 1 0
github.com/blindmaster24/MgkeTimetableBot/internal/archive/repository.go:71.2,71.27 1 0
github.com/blindmaster24/MgkeTimetableBot/internal/archive/repository.go:75.2,76.16 2 0
github.com/blindmaster24/MgkeTimetableBot/internal/archive/repository.go:77.3,78.1 1 0
github.com/blindmaster24/MgkeTimetableBot/internal/archive/repository.go:79.2,80.1 3 0
github.com/blindmaster24/MgkeTimetableBot/internal/archive/repository.go:81.2,82.18 3 0
github.com/blindmaster24/MgkeTimetableBot/internal/archive/repository.go:83.3,84.39 2 0
github.com/blindmaster24/MgkeTimetableBot/internal/archive/repository.go:85.4,86.1 1 0
github.com/blindmaster24/MgkeTimetableBot/internal/archive/repository.go:87.3,87.29 1 0
github.com/blindmaster24/MgkeTimetableBot/internal/archive/repository.go:89.2,89.27 1 0
github.com/blindmaster24/MgkeTimetableBot/internal/archive/repository.go:93.2,95.26 3 0
github.com/blindmaster24/MgkeTimetableBot/internal/archive/repository.go:96.3,97.1 1 0
github.com/blindmaster24/MgkeTimetableBot/internal/archive/repository.go:98.2,98.16 1 0
github.com/blindmaster24/MgkeTimetableBot/internal/archive/repository.go:99.3,100.1 1 0
github.com/blindmaster24/MgkeTimetableBot/internal/archive/repository.go:102.2,102.38 1 0
github.com/blindmaster24/MgkeTimetableBot/internal/archive/repository.go:106.2,108.26 3 0
github.com/blindmaster24/MgkeTimetableBot/internal/archive/repository.go:109.3,110.1 1 0
github.com/blindmaster24/MgkeTimetableBot/internal/archive/repository.go:111.2,111.16 1 0
github.com/blindmaster24/MgkeTimetableBot/internal/archive/repository.go:112.3,113.1 1 0
github.com/blindmaster24/MgkeTimetableBot/internal/archive/repository.go:115.2,115.40 1 0
github.com/blindmaster24/MgkeTimetableBot/internal/archive/repository.go:119.2,120.16 2 0
github.com/blindmaster24/MgkeTimetableBot/internal/archive/repository.go:121.3,122.1 1 0
github.com/blindmaster24/MgkeTimetableBot/internal/archive/repository.go:123.2,124.1 2 0
github.com/blindmaster24/MgkeTimetableBot/internal/archive/repository.go:125.2,125.28 2 0
github.com/blindmaster24/MgkeTimetableBot/internal/archive/repository.go:129.2,130.16 2 0
github.com/blindmaster24/MgkeTimetableBot/internal/archive/repository.go:131.3,132.1 1 0
github.com/blindmaster24/MgkeTimetableBot/internal/archive/repository.go:133.2,134.1 2 0
github.com/blindmaster24/MgkeTimetableBot/internal/archive/repository.go:135.2,135.30 2 0
github.com/blindmaster24/MgkeTimetableBot/internal/archive/repository.go:139.2,141.1 3 0
github.com/blindmaster24/MgkeTimetableBot/internal/archive/repository.go:142.2,142.20 3 0
github.com/blindmaster24/MgkeTimetableBot/internal/archive/repository.go:143.3,145.1 2 0
github.com/blindmaster24/MgkeTimetableBot/internal/archive/repository.go:147.2,148.1 3 0
github.com/blindmaster24/MgkeTimetableBot/internal/archive/repository.go:149.2,150.16 3 0
github.com/blindmaster24/MgkeTimetableBot/internal/archive/repository.go:151.3,152.1 1 0
github.com/blindmaster24/MgkeTimetableBot/internal/archive/repository.go:153.2,154.1 2 0
github.com/blindmaster24/MgkeTimetableBot/internal/archive/repository.go:155.2,155.28 2 0
github.com/blindmaster24/MgkeTimetableBot/internal/archive/repository.go:159.2,161.1 3 0
github.com/blindmaster24/MgkeTimetableBot/internal/archive/repository.go:162.2,162.20 3 0
github.com/blindmaster24/MgkeTimetableBot/internal/archive/repository.go:163.3,165.1 2 0
github.com/blindmaster24/MgkeTimetableBot/internal/archive/repository.go:167.2,168.1 3 0
github.com/blindmaster24/MgkeTimetableBot/internal/archive/repository.go:169.2,170.16 3 0
github.com/blindmaster24/MgkeTimetableBot/internal/archive/repository.go:171.3,172.1 1 0
github.com/blindmaster24/MgkeTimetableBot/internal/archive/repository.go:173.2,174.1 2 0
github.com/blindmaster24/MgkeTimetableBot/internal/archive/repository.go:175.2,175.30 2 0
github.com/blindmaster24/MgkeTimetableBot/internal/archive/repository.go:185.2,186.16 2 0
github.com/blindmaster24/MgkeTimetableBot/internal/archive/repository.go:187.3,188.1 1 0
github.com/blindmaster24/MgkeTimetableBot/internal/archive/repository.go:189.2,190.1 3 0
github.com/blindmaster24/MgkeTimetableBot/internal/archive/repository.go:191.2,192.16 3 0
github.com/blindmaster24/MgkeTimetableBot/internal/archive/repository.go:193.3,194.1 1 0
github.com/blindmaster24/MgkeTimetableBot/internal/archive/repository.go:195.2,196.1 3 0
github.com/blindmaster24/MgkeTimetableBot/internal/archive/repository.go:197.2,198.16 3 0
github.com/blindmaster24/MgkeTimetableBot/internal/archive/repository.go:199.3,200.1 1 0
github.com/blindmaster24/MgkeTimetableBot/internal/archive/repository.go:201.2,202.1 2 0
github.com/blindmaster24/MgkeTimetableBot/internal/archive/repository.go:203.2,203.28 2 0
github.com/blindmaster24/MgkeTimetableBot/internal/archive/repository.go:204.3,204.17 1 0
github.com/blindmaster24/MgkeTimetableBot/internal/archive/repository.go:206.4,207.64 2 0
github.com/blindmaster24/MgkeTimetableBot/internal/archive/repository.go:208.5,209.1 1 0
github.com/blindmaster24/MgkeTimetableBot/internal/archive/repository.go:211.4,212.66 2 0
github.com/blindmaster24/MgkeTimetableBot/internal/archive/repository.go:213.5,214.1 1 0
github.com/blindmaster24/MgkeTimetableBot/internal/archive/repository.go:218.2,218.20 1 0
github.com/blindmaster24/MgkeTimetableBot/internal/archive/repository.go:222.2,223.18 2 0
github.com/blindmaster24/MgkeTimetableBot/internal/archive/repository.go:224.3,226.53 3 0
github.com/blindmaster24/MgkeTimetableBot/internal/archive/repository.go:227.4,228.1 1 0
github.com/blindmaster24/MgkeTimetableBot/internal/archive/repository.go:229.3,230.17 2 0
github.com/blindmaster24/MgkeTimetableBot/internal/archive/repository.go:231.4,232.1 1 0
github.com/blindmaster24/MgkeTimetableBot/internal/archive/repository.go:233.3,233.15 1 0
github.com/blindmaster24/MgkeTimetableBot/internal/archive/repository.go:234.4,235.1 1 0
github.com/blindmaster24/MgkeTimetableBot/internal/archive/repository.go:237.2,237.27 1 0
github.com/blindmaster24/MgkeTimetableBot/internal/archive/repository.go:241.2,242.18 2 0
github.com/blindmaster24/MgkeTimetableBot/internal/archive/repository.go:243.3,245.53 3 0
github.com/blindmaster24/MgkeTimetableBot/internal/archive/repository.go:246.4,247.1 1 0
github.com/blindmaster24/MgkeTimetableBot/internal/archive/repository.go:248.3,249.17 2 0
github.com/blindmaster24/MgkeTimetableBot/internal/archive/repository.go:250.4,251.1 1 0
github.com/blindmaster24/MgkeTimetableBot/internal/archive/repository.go:252.3,252.15 1 0
github.com/blindmaster24/MgkeTimetableBot/internal/archive/repository.go:253.4,254.1 1 0
github.com/blindmaster24/MgkeTimetableBot/internal/archive/repository.go:256.2,256.27 1 0
github.com/blindmaster24/MgkeTimetableBot/internal/archive/repository.go:260.2,261.63 2 0
github.com/blindmaster24/MgkeTimetableBot/internal/archive/repository.go:262.3,263.1 1 0
github.com/blindmaster24/MgkeTimetableBot/internal/archive/repository.go:264.2,267.8 1 0
github.com/blindmaster24/MgkeTimetableBot/internal/archive/repository.go:271.2,272.63 2 0
github.com/blindmaster24/MgkeTimetableBot/internal/archive/repository.go:273.3,274.1 1 0
github.com/blindmaster24/MgkeTimetableBot/internal/archive/repository.go:275.2,278.8 1 0
github.com/blindmaster24/MgkeTimetableBot/internal/archive/repository.go:282.2,282.23 1 0
github.com/blindmaster24/MgkeTimetableBot/internal/archive/repository.go:284.3,285.48 2 0
github.com/blindmaster24/MgkeTimetableBot/internal/archive/repository.go:287.3,288.48 2 0
github.com/blindmaster24/MgkeTimetableBot/internal/archive/repository.go:290.2,290.16 1 0
github.com/blindmaster24/MgkeTimetableBot/internal/archive/repository.go:294.2,295.1 1 0
github.com/blindmaster24/MgkeTimetableBot/internal/archive/repository.go:298.2,299.1 1 0
github.com/blindmaster24/MgkeTimetableBot/internal/archive/timeutil.go:13.2,14.21 2 0
github.com/blindmaster24/MgkeTimetableBot/internal/archive/timeutil.go:15.3,16.1 1 0
github.com/blindmaster24/MgkeTimetableBot/internal/archive/timeutil.go:18.2,21.1 5 0
github.com/blindmaster24/MgkeTimetableBot/internal/archive/timeutil.go:22.2,23.41 5 0
github.com/blindmaster24/MgkeTimetableBot/internal/archive/timeutil.go:27.2,29.1 2 0
